"D:/GameJams/2MinHorror/TwoMinHorror_/Content/CameraShake_rgb.uasset" 0
"D:/GameJams/2MinHorror/TwoMinHorror_/Content/Assets/Animation/Camera_Helper/Backup/Camera_Helper_Skeleton.uasset" 1
"D:/GameJams/2MinHorror/TwoMinHorror_/Content/Assets/Animation/Camera_Helper/Backup/Camera_Helper_Anim.uasset" 2
"D:/GameJams/2MinHorror/TwoMinHorror_/Content/Assets/Animation/Camera_Helper/IntroCam_MoTr_Skeleton.uasset" 3
"D:/GameJams/2MinHorror/TwoMinHorror_/Content/Assets/Animation/Camera_Helper/IntroCam_MoTr_Anim.uasset" 4
"D:/GameJams/2MinHorror/TwoMinHorror_/Content/Assets/Animation/Camera_Helper/IntroCam_MoTr_Skeleton_AnimBlueprint.uasset" 5
"../../../Engine/Content/EditorBlueprintResources/StandardMacros.uasset" 6
"D:/GameJams/2MinHorror/TwoMinHorror_/Content/Assets/Audio/Music/Scores/In-Game.uasset" 7
"D:/GameJams/2MinHorror/TwoMinHorror_/Content/Blueprints/Actors/Helpers/MusicHandler_BP.uasset" 8
"D:/GameJams/2MinHorror/TwoMinHorror_/Content/Blueprints/Misc/CameraShake_BP.uasset" 9
"D:/GameJams/2MinHorror/TwoMinHorror_/Content/Assets/Materials/ParamCollections/PC_Wetness.uasset" 10
"D:/GameJams/2MinHorror/TwoMinHorror_/Content/Assets/Audio/SFX/SFX_Rain.uasset" 11
"D:/GameJams/2MinHorror/TwoMinHorror_/Content/Assets/Audio/SFX/SphereAttenuation.uasset" 12
"D:/GameJams/2MinHorror/TwoMinHorror_/Content/Assets/Audio/SFX/SFX_Rain_Cue.uasset" 13
"D:/GameJams/2MinHorror/TwoMinHorror_/Content/Assets/Materials/Textures/Generic/RSquare.uasset" 14
"D:/GameJams/2MinHorror/TwoMinHorror_/Content/Assets/Particles/Materials/MP_Rain.uasset" 15
"D:/GameJams/2MinHorror/TwoMinHorror_/Content/Assets/Particles/Rain/PRT_Rain.uasset" 16
"D:/GameJams/2MinHorror/TwoMinHorror_/Content/Blueprints/Actors/Environment/Rain_BP.uasset" 17
"D:/GameJams/2MinHorror/TwoMinHorror_/Content/Blueprints/Interfaces/InteractiveObj_BPI.uasset" 18
"D:/GameJams/2MinHorror/TwoMinHorror_/Content/Blueprints/Interfaces/UI_BPI.uasset" 19
"D:/GameJams/2MinHorror/TwoMinHorror_/Content/Sequences/Test/TestGamestart_Seq.uasset" 20
"D:/GameJams/2MinHorror/TwoMinHorror_/Content/Blueprints/UMG/UserInterFace/MainMenu_UMG.uasset" 21
"D:/GameJams/2MinHorror/TwoMinHorror_/Content/Blueprints/UMG/ViewHUD.uasset" 22
"../../../Engine/Content/BasicShapes/BasicShapeMaterial.uasset" 23
"D:/GameJams/2MinHorror/TwoMinHorror_/Content/Assets/Graphics/World/Circle.uasset" 24
"D:/GameJams/2MinHorror/TwoMinHorror_/Content/Assets/Materials/BaseMaterial/M_Billboard.uasset" 25
"D:/GameJams/2MinHorror/TwoMinHorror_/Content/Assets/Graphics/World/Interact.uasset" 26
"D:/GameJams/2MinHorror/TwoMinHorror_/Content/Assets/Materials/GenericMaterials/Billboard/MIB_Interact.uasset" 27
"D:/GameJams/2MinHorror/TwoMinHorror_/Content/Assets/Materials/GenericMaterials/Billboard/MIB_Interactive.uasset" 28
"../../../Engine/Content/Functions/Engine_MaterialFunctions01/Opacity/CameraDepthFade.uasset" 29
"../../../Engine/Content/EngineMaterials/T_Default_Material_Grid_M.uasset" 30
"../../../Engine/Content/EngineMaterials/T_Default_Material_Grid_N.uasset" 31
"../../../Engine/Content/EngineMaterials/WorldGridMaterial.uasset" 32
"../../../Engine/Content/BasicShapes/Cube.uasset" 33
"D:/GameJams/2MinHorror/TwoMinHorror_/Content/Assets/Fonts/coolvetica_rg.uasset" 34
"D:/GameJams/2MinHorror/TwoMinHorror_/Content/Assets/Fonts/coolvetica_rg_Font.uasset" 35
"D:/GameJams/2MinHorror/TwoMinHorror_/Content/Blueprints/UMG/UserInterFace/HUD_UMG.uasset" 36
"D:/GameJams/2MinHorror/TwoMinHorror_/Content/Blueprints/Actors/Interactive/InteractiveObj_Base_BP.uasset" 37
"D:/GameJams/2MinHorror/TwoMinHorror_/Content/Assets/Audio/SFX/SFX_DoorOpen.uasset" 38
"D:/GameJams/2MinHorror/TwoMinHorror_/Content/Assets/Audio/TestVoiceOvers/uthaledhoti.uasset" 39
"D:/GameJams/2MinHorror/TwoMinHorror_/Content/Assets/Materials/Textures/Generic/FadeNoise.uasset" 40
"D:/GameJams/2MinHorror/TwoMinHorror_/Content/Assets/Materials/Functions/MF_DirtMap.uasset" 41
"D:/GameJams/2MinHorror/TwoMinHorror_/Content/Assets/Materials/Textures/Generic/White.uasset" 42
"D:/GameJams/2MinHorror/TwoMinHorror_/Content/Assets/Materials/Functions/MF_Albedo.uasset" 43
"D:/GameJams/2MinHorror/TwoMinHorror_/Content/Assets/Materials/Functions/MF_AmbientOcclusion.uasset" 44
"D:/GameJams/2MinHorror/TwoMinHorror_/Content/Assets/Materials/Textures/Generic/Grey.uasset" 45
"D:/GameJams/2MinHorror/TwoMinHorror_/Content/Assets/Materials/Functions/MF_MSRPack.uasset" 46
"D:/GameJams/2MinHorror/TwoMinHorror_/Content/Assets/Materials/Textures/Generic/Normal.uasset" 47
"D:/GameJams/2MinHorror/TwoMinHorror_/Content/Assets/Materials/Functions/MF_Normal.uasset" 48
"D:/GameJams/2MinHorror/TwoMinHorror_/Content/Assets/Materials/Functions/MF_TextureTiles.uasset" 49
"D:/GameJams/2MinHorror/TwoMinHorror_/Content/Assets/Materials/Functions/MF_BaseMat.uasset" 50
"D:/GameJams/2MinHorror/TwoMinHorror_/Content/Assets/Materials/BaseMaterial/Packed/M_Lit_Packed_OP.uasset" 51
"D:/GameJams/2MinHorror/TwoMinHorror_/Content/Assets/Materials/Textures/Door_01/T_Door_01_A.uasset" 52
"D:/GameJams/2MinHorror/TwoMinHorror_/Content/Assets/Materials/Textures/Door_01/T_Door_01_AO.uasset" 53
"D:/GameJams/2MinHorror/TwoMinHorror_/Content/Assets/Materials/Textures/Door_01/T_Door_01_MSRD.uasset" 54
"D:/GameJams/2MinHorror/TwoMinHorror_/Content/Assets/Materials/Textures/Door_01/T_Door_01_N.uasset" 55
"D:/GameJams/2MinHorror/TwoMinHorror_/Content/Assets/Materials/GenericMaterials/MI_Door_01.uasset" 56
"D:/GameJams/2MinHorror/TwoMinHorror_/Content/Assets/Meshes/Environment/Structures/SM_House_Doorframe_01_Door_01.uasset" 57
"../../../Engine/Content/MapTemplates/Sky/Desert_Outer_HDR.uasset" 58
"D:/GameJams/2MinHorror/TwoMinHorror_/Content/Assets/Materials/BaseMaterial/M_GlassMod.uasset" 59
"../../../Engine/Content/MaterialTemplates/Textures/T_Noise01.uasset" 60
"D:/GameJams/2MinHorror/TwoMinHorror_/Content/Assets/Materials/Textures/Generic/T_Frost_03_N.uasset" 61
"D:/GameJams/2MinHorror/TwoMinHorror_/Content/Assets/Materials/BaseMaterial/M_GlassMod_Inst.uasset" 62
"D:/GameJams/2MinHorror/TwoMinHorror_/Content/Assets/Meshes/Environment/Structures/SM_House_Doorframe_01_Frame_01.uasset" 63
"D:/GameJams/2MinHorror/TwoMinHorror_/Content/Blueprints/Actors/Interactive/Door_BP.uasset" 64
"D:/GameJams/2MinHorror/TwoMinHorror_/Content/Assets/Meshes/Characters/DummyGhost/DummyGhost_Skeleton.uasset" 65
"D:/GameJams/2MinHorror/TwoMinHorror_/Content/Assets/Meshes/Characters/DummyGhost/DummyGhost_Idle.uasset" 66
"D:/GameJams/2MinHorror/TwoMinHorror_/Content/Blueprints/Actors/Helpers/DialogueActor_BP.uasset" 67
"D:/GameJams/2MinHorror/TwoMinHorror_/Content/Assets/Materials/Textures/ConcreteFloor_01/T_ConcreteFloor_02_A.uasset" 68
"D:/GameJams/2MinHorror/TwoMinHorror_/Content/Assets/Materials/Textures/ConcreteFloor_01/T_ConcreteFloor_02_MSRD.uasset" 69
"D:/GameJams/2MinHorror/TwoMinHorror_/Content/Assets/Materials/Textures/ConcreteFloor_01/T_ConcreteFloor_02_N.uasset" 70
"D:/GameJams/2MinHorror/TwoMinHorror_/Content/Assets/Materials/GenericMaterials/MI_ConcreteFloor_01.uasset" 71
"D:/GameJams/2MinHorror/TwoMinHorror_/Content/Assets/Audio/SFX/BoxAttenuation.uasset" 72
"D:/GameJams/2MinHorror/TwoMinHorror_/Content/Assets/Audio/SFX/SFX_CryingWoman.uasset" 73
"D:/GameJams/2MinHorror/TwoMinHorror_/Content/Assets/Materials/Textures/Dad_01/T_Dad_01_BC.uasset" 74
"D:/GameJams/2MinHorror/TwoMinHorror_/Content/Assets/Materials/Textures/Dad_01/T_Dad_01_M.uasset" 75
"D:/GameJams/2MinHorror/TwoMinHorror_/Content/Assets/Materials/Textures/Dad_01/T_Dad_01_N.uasset" 76
"D:/GameJams/2MinHorror/TwoMinHorror_/Content/Assets/Materials/Textures/Dad_01/T_Dad_01_R.uasset" 77
"D:/GameJams/2MinHorror/TwoMinHorror_/Content/Assets/Materials/Characters/M_Dad_01.uasset" 78
"D:/GameJams/2MinHorror/TwoMinHorror_/Content/Assets/Meshes/Characters/SM_Dad_01_consoling.uasset" 79
"D:/GameJams/2MinHorror/TwoMinHorror_/Content/Assets/Materials/Textures/Mom_01/T_Mom_01_BC.uasset" 80
"D:/GameJams/2MinHorror/TwoMinHorror_/Content/Assets/Materials/Textures/Mom_01/T_Mom_01_M.uasset" 81
"D:/GameJams/2MinHorror/TwoMinHorror_/Content/Assets/Materials/Textures/Mom_01/T_Mom_01_N.uasset" 82
"D:/GameJams/2MinHorror/TwoMinHorror_/Content/Assets/Materials/Textures/Mom_01/T_Mom_01_R.uasset" 83
"D:/GameJams/2MinHorror/TwoMinHorror_/Content/Assets/Materials/Characters/M_Mom_01.uasset" 84
"D:/GameJams/2MinHorror/TwoMinHorror_/Content/Assets/Meshes/Characters/SM_Mom_01_crying.uasset" 85
"D:/GameJams/2MinHorror/TwoMinHorror_/Content/Assets/Materials/Textures/Nikki_01/T_Nikki_01_BC.uasset" 86
"D:/GameJams/2MinHorror/TwoMinHorror_/Content/Assets/Materials/Textures/Nikki_01/T_Nikki_01_M.uasset" 87
"D:/GameJams/2MinHorror/TwoMinHorror_/Content/Assets/Materials/Textures/Nikki_01/T_Nikki_01_N.uasset" 88
"D:/GameJams/2MinHorror/TwoMinHorror_/Content/Assets/Materials/Textures/Nikki_01/T_Nikki_01_R.uasset" 89
"D:/GameJams/2MinHorror/TwoMinHorror_/Content/Assets/Materials/Characters/M_Nikki_01.uasset" 90
"D:/GameJams/2MinHorror/TwoMinHorror_/Content/Assets/Materials/Textures/DiningTable/T_DiningTable_A.uasset" 91
"D:/GameJams/2MinHorror/TwoMinHorror_/Content/Assets/Materials/Textures/DiningTable/T_DiningTable_MSRD.uasset" 92
"D:/GameJams/2MinHorror/TwoMinHorror_/Content/Assets/Materials/Textures/DiningTable/T_DiningTable_N.uasset" 93
"D:/GameJams/2MinHorror/TwoMinHorror_/Content/Assets/Materials/GenericMaterials/MI_DiningTable.uasset" 94
"D:/GameJams/2MinHorror/TwoMinHorror_/Content/Assets/Meshes/Characters/SM_Nikki_01_Dead.uasset" 95
"D:/GameJams/2MinHorror/TwoMinHorror_/Content/Assets/Materials/Textures/Letter_01/T_Letter_BC.uasset" 96
"D:/GameJams/2MinHorror/TwoMinHorror_/Content/Assets/Materials/GenericMaterials/MI_Letter_01.uasset" 97
"D:/GameJams/2MinHorror/TwoMinHorror_/Content/Assets/Props/Interactive/SM_INT_Letter_01.uasset" 98
"D:/GameJams/2MinHorror/TwoMinHorror_/Content/Blueprints/Actors/NPC/NikkiDead_BP.uasset" 99
"D:/GameJams/2MinHorror/TwoMinHorror_/Content/Assets/Audio/Music/Scores/MainMusic.uasset" 100
"D:/GameJams/2MinHorror/TwoMinHorror_/Content/Assets/Fonts/ink-free-normal.uasset" 101
"D:/GameJams/2MinHorror/TwoMinHorror_/Content/Assets/Fonts/ink-free-normal_Font.uasset" 102
"D:/GameJams/2MinHorror/TwoMinHorror_/Content/Assets/Fonts/SAMAN___.uasset" 103
"D:/GameJams/2MinHorror/TwoMinHorror_/Content/Assets/Fonts/SAMAN____Font.uasset" 104
"D:/GameJams/2MinHorror/TwoMinHorror_/Content/Assets/Fonts/Visit_Indonesia_2011_2upd.uasset" 105
"D:/GameJams/2MinHorror/TwoMinHorror_/Content/Assets/Fonts/Visit_Indonesia_2011_2upd_Font.uasset" 106
"D:/GameJams/2MinHorror/TwoMinHorror_/Content/NaturePackage/Textures/BaseTexture/base_black_d.uasset" 107
"D:/GameJams/2MinHorror/TwoMinHorror_/Content/Widgets/EndCredits.uasset" 108
"D:/GameJams/2MinHorror/TwoMinHorror_/Content/Widgets/EndCreditsActor.uasset" 109
"D:/GameJams/2MinHorror/TwoMinHorror_/Content/Assets/Audio/SFX/ThunderClap.uasset" 110
"D:/GameJams/2MinHorror/TwoMinHorror_/Content/Assets/Audio/VoiceOvers/Nikki/22-_Oh_yeah_I_guess_I_really_couldn_t_take_it_tonight.uasset" 111
"D:/GameJams/2MinHorror/TwoMinHorror_/Content/Assets/Audio/VoiceOvers/Nikki/SuicideNote_Volumes/SuicideNote_01.uasset" 112
"D:/GameJams/2MinHorror/TwoMinHorror_/Content/Assets/Audio/VoiceOvers/Nikki/SuicideNote_Volumes/SuicideNote_02.uasset" 113
"D:/GameJams/2MinHorror/TwoMinHorror_/Content/Assets/Audio/VoiceOvers/Nikki/SuicideNote_Volumes/SuicideNote_03_a.uasset" 114
"D:/GameJams/2MinHorror/TwoMinHorror_/Content/Assets/Audio/VoiceOvers/Nikki/SuicideNote_Volumes/SuicideNote_03_b.uasset" 115
"D:/GameJams/2MinHorror/TwoMinHorror_/Content/Assets/Audio/VoiceOvers/Nikki/SuicideNote_Volumes/SuicideNote_04_a.uasset" 116
"D:/GameJams/2MinHorror/TwoMinHorror_/Content/Assets/Audio/VoiceOvers/Nikki/SuicideNote_Volumes/SuicideNote_04_b.uasset" 117
"D:/GameJams/2MinHorror/TwoMinHorror_/Content/Assets/Audio/VoiceOvers/Nikki/SuicideNote_Volumes/SuicideNote_05.uasset" 118
"D:/GameJams/2MinHorror/TwoMinHorror_/Content/Cinematics/Sequences/EndSequence/EndSequenceMaster.uasset" 119
"D:/GameJams/2MinHorror/TwoMinHorror_/Content/Blueprints/Actors/Helpers/FinalTrigger_BP.uasset" 120
"D:/GameJams/2MinHorror/TwoMinHorror_/Content/Assets/Audio/VoiceOvers/Nikki/10-_Yeah_mom__its_just_me.uasset" 121
"D:/GameJams/2MinHorror/TwoMinHorror_/Content/Assets/Audio/VoiceOvers/Nikki/11-_Someone_on_the_terrace__better_check_it_out.uasset" 122
"D:/GameJams/2MinHorror/TwoMinHorror_/Content/Assets/Audio/VoiceOvers/Nikki/3-_Must_have_fallen_asleep_watching_the_match.uasset" 123
"D:/GameJams/2MinHorror/TwoMinHorror_/Content/Assets/Audio/VoiceOvers/Nikki/7-_Glass_Slip_Exclaimation.uasset" 124
"D:/GameJams/2MinHorror/TwoMinHorror_/Content/Assets/Audio/VoiceOvers/Nikki/9-_Mom-Nikki_is_that_you_muffled.uasset" 125
"D:/GameJams/2MinHorror/TwoMinHorror_/Content/Assets/Meshes/Characters/SM_Dad_01_Sleeping.uasset" 126
"D:/GameJams/2MinHorror/TwoMinHorror_/Content/Blueprints/Actors/Interactive/DadSleeping_BP.uasset" 127
"D:/GameJams/2MinHorror/TwoMinHorror_/Content/Assets/Audio/VoiceOvers/Nikki/21-_Is_that_mom.uasset" 128
"D:/GameJams/2MinHorror/TwoMinHorror_/Content/Blueprints/Actors/Volumes/DeathTrigger1_BP.uasset" 129
"D:/GameJams/2MinHorror/TwoMinHorror_/Content/Assets/Materials/Textures/Generic/Tri.uasset" 130
"D:/GameJams/2MinHorror/TwoMinHorror_/Content/Assets/Particles/Materials/MP_DensedGas.uasset" 131
"D:/GameJams/2MinHorror/TwoMinHorror_/Content/Assets/Particles/Shadow/MS_DensedGas.uasset" 132
"../../Plugins/FX/Niagara/Content/DynamicInputs/Angles/NormalizedAngleToDegrees.uasset" 133
"../../Plugins/FX/Niagara/Content/DynamicInputs/TypeConversions/Vector2DFromFloat.uasset" 134
"../../Plugins/FX/Niagara/Content/Enums/ENiagaraRandomnessMode.uasset" 135
"../../Plugins/FX/Niagara/Content/Functions/GetRandomInfo.uasset" 136
"../../Plugins/FX/Niagara/Content/Functions/RandomRange.uasset" 137
"../../Plugins/FX/Niagara/Content/DynamicInputs/UniformRange/UniformRangedFloat.uasset" 138
"../../Plugins/FX/Niagara/Content/DynamicInputs/ValueFromCurve/ColorFromCurve.uasset" 139
"../../Plugins/FX/Niagara/Content/DynamicInputs/ValueFromCurve/FloatFromCurve.uasset" 140
"../../Plugins/FX/Niagara/Content/Functions/Localspace/SimulationPosition.uasset" 141
"../../Plugins/FX/Niagara/Content/Enums/ENiagaraCalculateRadiusOptions.uasset" 142
"../../Plugins/FX/Niagara/Content/Functions/CalculateMeshRadius.uasset" 143
"../../Plugins/FX/Niagara/Content/Functions/CalculateRadiusFromSpriteSize.uasset" 144
"../../Plugins/FX/Niagara/Content/Functions/DirectionAndLengthSafe.uasset" 145
"../../Plugins/FX/Niagara/Content/Enums/ENiagaraCoordinateSpace.uasset" 146
"../../Plugins/FX/Niagara/Content/Functions/Localspace/ENiagaraCoordinateSpace.uasset" 147
"../../Plugins/FX/Niagara/Content/Functions/Localspace/TransformBase.uasset" 148
"../../Plugins/FX/Niagara/Content/Functions/Localspace/TransformPosition.uasset" 149
"../../Plugins/FX/Niagara/Content/Functions/Localspace/TransformVector.uasset" 150
"../../Plugins/FX/Niagara/Content/Functions/Collision/PlaneSphereCollisionDetection.uasset" 151
"../../Plugins/FX/Niagara/Content/Functions/Rotation/FindQuatBetween.uasset" 152
"../../Plugins/FX/Niagara/Content/Functions/Rotation/MultiplyVectorWithQuaternion.uasset" 153
"../../Plugins/FX/Niagara/Content/Functions/Collision/RandomizeCollisionNormals.uasset" 154
"../../Plugins/FX/Niagara/Content/Functions/Math/CentimeterMeterConversion.uasset" 155
"../../Plugins/FX/Niagara/Content/Functions/Math/FindTangentialVelocityOnSphere.uasset" 156
"../../Plugins/FX/Niagara/Content/Functions/ProjectVectorOnPlane.uasset" 157
"../../Plugins/FX/Niagara/Content/Functions/ReflectVector.uasset" 158
"../../Plugins/FX/Niagara/Content/Modules/Collision/NiagaraDistanceFieldCollisions.uasset" 159
"../../Plugins/FX/Niagara/Content/Modules/Collision/SceneDepthTest.uasset" 160
"../../Plugins/FX/Niagara/Content/Enums/ENiagara_CPUCollisionType.uasset" 161
"../../Plugins/FX/Niagara/Content/Enums/ENiagara_GPUCollisionType.uasset" 162
"../../Plugins/FX/Niagara/Content/Enums/ENiagaraFrictionMergeType.uasset" 163
"../../Plugins/FX/Niagara/Content/Enums/ENiagaraRestitutionMergeType.uasset" 164
"../../Plugins/FX/Niagara/Content/Enums/ENiagaraSimulationTarget.uasset" 165
"../../Plugins/FX/Niagara/Content/Modules/Collision/CollisionQueryAndResponse.uasset" 166
"../../Plugins/FX/Niagara/Content/Enums/ENiagaraCollisionRadiusOptions.uasset" 167
"../../Plugins/FX/Niagara/Content/Modules/Collision/Collision.uasset" 168
"../../Plugins/FX/Niagara/Content/Functions/Emitter/EmitterChangeState.uasset" 169
"../../Plugins/FX/Niagara/Content/Modules/Emitter/EmitterLifeCycle.uasset" 170
"../../Plugins/FX/Niagara/Content/Modules/Emitter/SpawnBurst_Instantaneous.uasset" 171
"../../Plugins/FX/Niagara/Content/Modules/Solvers/SolveForcesAndVelocity.uasset" 172
"../../Plugins/FX/Niagara/Content/Modules/Spawn/Initialization/InitializeParticle.uasset" 173
"../../Plugins/FX/Niagara/Content/Functions/RandomPointInSphere.uasset" 174
"../../Plugins/FX/Niagara/Content/Enums/ENiagaraExpansionMode.uasset" 175
"../../Plugins/FX/Niagara/Content/Modules/Spawn/Location/SphereLocation.uasset" 176
"../../Plugins/FX/Niagara/Content/Functions/FindAngleBetweenVectors.uasset" 177
"../../Plugins/FX/Niagara/Content/Functions/Masks/ConeMask.uasset" 178
"../../Plugins/FX/Niagara/Content/Enums/ENiagaraCurlNoiseQuality.uasset" 179
"../../Plugins/FX/Niagara/Content/VectorFields/Assets/TilingCurl16.uasset" 180
"../../Plugins/FX/Niagara/Content/VectorFields/Assets/TilingCurl32.uasset" 181
"../../Plugins/FX/Niagara/Content/VectorFields/Assets/TilingCurl64.uasset" 182
"../../Plugins/FX/Niagara/Content/Modules/Update/Forces/CurlNoiseForce.uasset" 183
"../../Plugins/FX/Niagara/Content/Modules/Update/Forces/GravityForce.uasset" 184
"../../Plugins/FX/Niagara/Content/Modules/Update/Lifetime/ParticleState.uasset" 185
"../../Plugins/FX/Niagara/Content/Modules/Update/Size/SpriteSizeScale.uasset" 186
"D:/GameJams/2MinHorror/TwoMinHorror_/Content/Assets/Meshes/Characters/DummyGhost/Ch30_1001_Diffuse.uasset" 187
"D:/GameJams/2MinHorror/TwoMinHorror_/Content/Assets/Meshes/Characters/DummyGhost/Ch30_1001_Glossiness.uasset" 188
"D:/GameJams/2MinHorror/TwoMinHorror_/Content/Assets/Meshes/Characters/DummyGhost/Ch30_1001_Normal.uasset" 189
"D:/GameJams/2MinHorror/TwoMinHorror_/Content/Assets/Meshes/Characters/DummyGhost/Ch30_1001_Specular.uasset" 190
"D:/GameJams/2MinHorror/TwoMinHorror_/Content/Assets/Meshes/Characters/DummyGhost/Ch30_Body.uasset" 191
"D:/GameJams/2MinHorror/TwoMinHorror_/Content/Assets/Meshes/Characters/DummyGhost/Ch30_1002_Diffuse.uasset" 192
"D:/GameJams/2MinHorror/TwoMinHorror_/Content/Assets/Meshes/Characters/DummyGhost/Ch30_1002_Glossiness.uasset" 193
"D:/GameJams/2MinHorror/TwoMinHorror_/Content/Assets/Meshes/Characters/DummyGhost/Ch30_1002_Normal.uasset" 194
"D:/GameJams/2MinHorror/TwoMinHorror_/Content/Assets/Meshes/Characters/DummyGhost/Ch30_1002_Specular.uasset" 195
"D:/GameJams/2MinHorror/TwoMinHorror_/Content/Assets/Meshes/Characters/DummyGhost/Ch30_Body1.uasset" 196
"D:/GameJams/2MinHorror/TwoMinHorror_/Content/Assets/Meshes/Characters/DummyGhost/DummyGhost_PhAt.uasset" 197
"D:/GameJams/2MinHorror/TwoMinHorror_/Content/Assets/Meshes/Characters/DummyGhost/DummyGhost_SkeletalMesh.uasset" 198
"../../../Engine/Content/Functions/Engine_MaterialFunctions02/Texturing/ScreenAlignedPixelToPixelUVs.uasset" 199
"../../../Engine/Content/EngineMaterials/Good64x64TilingNoiseHighFreq.uasset" 200
"../../../Engine/Content/Functions/Engine_MaterialFunctions02/Utility/DitherTemporalAA.uasset" 201
"D:/GameJams/2MinHorror/TwoMinHorror_/Content/Assets/Materials/Textures/Generic/T_Frost_03.uasset" 202
"D:/GameJams/2MinHorror/TwoMinHorror_/Content/Assets/Meshes/Characters/Ghost/Mask.uasset" 203
"D:/GameJams/2MinHorror/TwoMinHorror_/Content/Assets/Meshes/Characters/Ghost/T_Ghost_BC.uasset" 204
"D:/GameJams/2MinHorror/TwoMinHorror_/Content/Assets/Meshes/Characters/Ghost/M_Ghost.uasset" 205
"D:/GameJams/2MinHorror/TwoMinHorror_/Content/Assets/Meshes/Characters/Ghost/MI_Ghost.uasset" 206
"D:/GameJams/2MinHorror/TwoMinHorror_/Content/Assets/Meshes/Characters/Ghost/Ghost.uasset" 207
"D:/GameJams/2MinHorror/TwoMinHorror_/Content/Assets/Particles/Shadow/NE_DensedGas.uasset" 208
"../../Plugins/FX/Niagara/Content/Functions/System/SystemChangeState.uasset" 209
"../../Plugins/FX/Niagara/Content/Modules/System/SystemLifeCycle.uasset" 210
"D:/GameJams/2MinHorror/TwoMinHorror_/Content/Assets/Particles/Shadow/NS_DensedGas.uasset" 211
"D:/GameJams/2MinHorror/TwoMinHorror_/Content/Assets/Audio/Music/CreepySong_02.uasset" 212
"D:/GameJams/2MinHorror/TwoMinHorror_/Content/Assets/Audio/VoiceOvers/Nikki/20-_Fuck_it__I_m_out_of_here.uasset" 213
"D:/GameJams/2MinHorror/TwoMinHorror_/Content/Assets/Meshes/Characters/SM_Ghost_01_Pose_01.uasset" 214
"D:/GameJams/2MinHorror/TwoMinHorror_/Content/Blueprints/Actors/NPC/Ghost_BP.uasset" 215
"D:/GameJams/2MinHorror/TwoMinHorror_/Content/Blueprints/Actors/Environment/deca.uasset" 216
"D:/GameJams/2MinHorror/TwoMinHorror_/Content/Blueprints/Actors/Environment/TestWallDecal.uasset" 217
"D:/GameJams/2MinHorror/TwoMinHorror_/Content/Blueprints/Actors/Environment/TestWallDecal_Inst.uasset" 218
"D:/GameJams/2MinHorror/TwoMinHorror_/Content/Blueprints/Actors/Environment/WallHorrorDecals_BP.uasset" 219
"D:/GameJams/2MinHorror/TwoMinHorror_/Content/Assets/Audio/Music/DownTheStairs.uasset" 220
"D:/GameJams/2MinHorror/TwoMinHorror_/Content/Assets/Audio/Music/Ghost_FX.uasset" 221
"D:/GameJams/2MinHorror/TwoMinHorror_/Content/Assets/Audio/VoiceOvers/Nikki/shocked.uasset" 222
"D:/GameJams/2MinHorror/TwoMinHorror_/Content/Assets/Meshes/Characters/SM_Ghost_01_Pose_02.uasset" 223
"D:/GameJams/2MinHorror/TwoMinHorror_/Content/Assets/Meshes/Characters/SM_Ghost_01_Pose_03.uasset" 224
"D:/GameJams/2MinHorror/TwoMinHorror_/Content/Blueprints/Actors/NPC/GhostWindow_BP.uasset" 225
"D:/GameJams/2MinHorror/TwoMinHorror_/Content/Blueprints/Misc/Headbobbing.uasset" 226
"D:/GameJams/2MinHorror/TwoMinHorror_/Content/Assets/Audio/TestVoiceOvers/3.uasset" 227
"D:/GameJams/2MinHorror/TwoMinHorror_/Content/Assets/Audio/TestVoiceOvers/4.uasset" 228
"D:/GameJams/2MinHorror/TwoMinHorror_/Content/Assets/Audio/TestVoiceOvers/deviprasad.uasset" 229
"D:/GameJams/2MinHorror/TwoMinHorror_/Content/Assets/Audio/TestVoiceOvers/2.uasset" 230
"D:/GameJams/2MinHorror/TwoMinHorror_/Content/Widgets/DialogueStruct.uasset" 231
"D:/GameJams/2MinHorror/TwoMinHorror_/Content/Widgets/DialogueData.uasset" 232
"D:/GameJams/2MinHorror/TwoMinHorror_/Content/Blueprints/Actors/Helpers/TerraceLocationAdjustmentActor_BP.uasset" 233
"D:/GameJams/2MinHorror/TwoMinHorror_/Content/Assets/Audio/VoiceOvers/Nikki/17-_Nikki_s_Monologue_a.uasset" 234
"D:/GameJams/2MinHorror/TwoMinHorror_/Content/Assets/Audio/VoiceOvers/Nikki/17-_Nikki_s_Monologue_b.uasset" 235
"D:/GameJams/2MinHorror/TwoMinHorror_/Content/Assets/Audio/VoiceOvers/Nikki/17-_Nikki_s_Monologue_c.uasset" 236
"D:/GameJams/2MinHorror/TwoMinHorror_/Content/Assets/Audio/VoiceOvers/Nikki/18-Maybe_tomorrow_will_be_a_better_day.uasset" 237
"D:/GameJams/2MinHorror/TwoMinHorror_/Content/Assets/Audio/VoiceOvers/Nikki/19-_Think_I_should_head_down_now.uasset" 238
"D:/GameJams/2MinHorror/TwoMinHorror_/Content/Cinematics/Sequences/TerraceSequence/TerraceSequence.uasset" 239
"D:/GameJams/2MinHorror/TwoMinHorror_/Content/Assets/Audio/SFX/SFX_PlayerWalking.uasset" 240
"D:/GameJams/2MinHorror/TwoMinHorror_/Content/Assets/Audio/VoiceOvers/Nikki/1-_Ugh_so_thirsty.uasset" 241
"D:/GameJams/2MinHorror/TwoMinHorror_/Content/Assets/Audio/VoiceOvers/Nikki/17-_Nikki_s_Monologue.uasset" 242
"D:/GameJams/2MinHorror/TwoMinHorror_/Content/Assets/Audio/VoiceOvers/Nikki/2-_Guess_I_willl_have_a_sip.uasset" 243
"D:/GameJams/2MinHorror/TwoMinHorror_/Content/Blueprints/UMG/Misc/FadeWidget.uasset" 244
"D:/GameJams/2MinHorror/TwoMinHorror_/Content/Widgets/Dialogue_Widget.uasset" 245
"D:/GameJams/2MinHorror/TwoMinHorror_/Content/Assets/Graphics/World/Interactive_Pop.uasset" 246
"D:/GameJams/2MinHorror/TwoMinHorror_/Content/Widgets/screenshot.uasset" 247
"D:/GameJams/2MinHorror/TwoMinHorror_/Content/Blueprints/Misc/HorrorSaveGameObject.uasset" 248
"D:/GameJams/2MinHorror/TwoMinHorror_/Content/Assets/Fonts/SadiTekinScript-Regular.uasset" 249
"D:/GameJams/2MinHorror/TwoMinHorror_/Content/Assets/Fonts/SadiTekinScript-Regular_Font.uasset" 250
"D:/GameJams/2MinHorror/TwoMinHorror_/Content/Assets/Graphics/World/DottedLines.uasset" 251
"D:/GameJams/2MinHorror/TwoMinHorror_/Content/Blueprints/Misc/SettingsEnum.uasset" 252
"D:/GameJams/2MinHorror/TwoMinHorror_/Content/Widgets/Settings_Widget.uasset" 253
"D:/GameJams/2MinHorror/TwoMinHorror_/Content/Widgets/MainMenu_Widget2.uasset" 254
"D:/GameJams/2MinHorror/TwoMinHorror_/Content/Assets/Graphics/World/Pick.uasset" 255
"D:/GameJams/2MinHorror/TwoMinHorror_/Content/Widgets/Tutorial/TutorialWidget.uasset" 256
"D:/GameJams/2MinHorror/TwoMinHorror_/Content/Blueprints/Pawns/CharacterBase_BP.uasset" 257
"D:/GameJams/2MinHorror/TwoMinHorror_/Content/Assets/Animation/Camera_Helper/lambert1.uasset" 258
"D:/GameJams/2MinHorror/TwoMinHorror_/Content/Assets/Animation/Camera_Helper/IntroCam_MoTr.uasset" 259
"D:/GameJams/2MinHorror/TwoMinHorror_/Content/Widgets/StudioLogo.uasset" 260
"D:/GameJams/2MinHorror/TwoMinHorror_/Content/Widgets/Warning_Widget.uasset" 261
"D:/GameJams/2MinHorror/TwoMinHorror_/Content/Blueprints/Pawns/MainMenu_BP.uasset" 262
"D:/GameJams/2MinHorror/TwoMinHorror_/Content/Assets/Animation/Camera_Helper/Backup/CameraHelperAnim_BP.uasset" 263
"D:/GameJams/2MinHorror/TwoMinHorror_/Content/Assets/Animation/Camera_Helper/CameraHelperAnim_BP.uasset" 264
"D:/GameJams/2MinHorror/TwoMinHorror_/Content/Assets/Animation/Camera_Helper/Backup/Camera_Helper_PhysicsAsset.uasset" 265
"D:/GameJams/2MinHorror/TwoMinHorror_/Content/Assets/Animation/Camera_Helper/Backup/Camera_Helper.uasset" 266
"D:/GameJams/2MinHorror/TwoMinHorror_/Content/Assets/Animation/Camera_Helper/Camera_Helper.uasset" 267
"D:/GameJams/2MinHorror/TwoMinHorror_/Content/Assets/Animation/Camera_Helper/Camera_Helper_Anim.uasset" 268
"D:/GameJams/2MinHorror/TwoMinHorror_/Content/Assets/Animation/Camera_Helper/Camera_Helper_PhysicsAsset.uasset" 269
"D:/GameJams/2MinHorror/TwoMinHorror_/Content/Assets/Animation/Camera_Helper/Camera_Helper_Skeleton.uasset" 270
"D:/GameJams/2MinHorror/TwoMinHorror_/Content/Assets/Animation/Camera_Helper/lambert2.uasset" 271
"D:/GameJams/2MinHorror/TwoMinHorror_/Content/Assets/Animation/Camera_Helper/Backup/IntroCam__1__PhysicsAsset.uasset" 272
"D:/GameJams/2MinHorror/TwoMinHorror_/Content/Assets/Animation/Camera_Helper/Backup/IntroCam__1__Skeleton.uasset" 273
"D:/GameJams/2MinHorror/TwoMinHorror_/Content/Assets/Animation/Camera_Helper/Backup/IntroCam__1_.uasset" 274
"D:/GameJams/2MinHorror/TwoMinHorror_/Content/Assets/Animation/Camera_Helper/IntroCam__1_.uasset" 275
"D:/GameJams/2MinHorror/TwoMinHorror_/Content/Assets/Animation/Camera_Helper/Backup/IntroCam__1__Anim.uasset" 276
"D:/GameJams/2MinHorror/TwoMinHorror_/Content/Assets/Animation/Camera_Helper/IntroCam__1__Anim.uasset" 277
"D:/GameJams/2MinHorror/TwoMinHorror_/Content/Assets/Animation/Camera_Helper/IntroCam__1__PhysicsAsset.uasset" 278
"D:/GameJams/2MinHorror/TwoMinHorror_/Content/Assets/Animation/Camera_Helper/IntroCam__1__Skeleton.uasset" 279
"D:/GameJams/2MinHorror/TwoMinHorror_/Content/Assets/Audio/Music/CreepySong_01.uasset" 280
"D:/GameJams/2MinHorror/TwoMinHorror_/Content/Assets/Audio/Music/Scores/In-Game_Cue.uasset" 281
"D:/GameJams/2MinHorror/TwoMinHorror_/Content/Assets/Audio/VoiceOvers/Nikki/16-_Maybe_I_was_hearing_things.uasset" 282
"D:/GameJams/2MinHorror/TwoMinHorror_/Content/Assets/Audio/VoiceOvers/Nikki/23-_Suicide_Note.uasset" 283
"D:/GameJams/2MinHorror/TwoMinHorror_/Content/Assets/Audio/VoiceOvers/Nikki/8-_jumpscare_reaction.uasset" 284
"D:/GameJams/2MinHorror/TwoMinHorror_/Content/Assets/Audio/VoiceOvers/Nikki/9-_Mom-Nikki_is_that_you_clean.uasset" 285
"D:/GameJams/2MinHorror/TwoMinHorror_/Content/Assets/Audio/VoiceOvers/Nikki/SuicideNote_Volumes/SuicideNote_03.uasset" 286
"D:/GameJams/2MinHorror/TwoMinHorror_/Content/Assets/Audio/VoiceOvers/Nikki/SuicideNote_Volumes/SuicideNote_04.uasset" 287
"../../../Engine/Content/Tutorial/Audio/Audience.uasset" 288
"D:/GameJams/2MinHorror/TwoMinHorror_/Content/Assets/Audio/VoiceOvers/Test/CantLeaveNow_ST.uasset" 289
"../../../Engine/Content/Functions/Engine_MaterialFunctions01/Gradient/LinearGradient.uasset" 290
"../../../Engine/Content/Functions/Engine_MaterialFunctions01/ImageAdjustment/CheapContrast.uasset" 291
"../../../Engine/Content/EngineMaterials/DefaultDiffuse.uasset" 292
"../../../Engine/Content/Functions/Engine_MaterialFunctions01/Texturing/WorldAlignedTexture.uasset" 293
"D:/GameJams/2MinHorror/TwoMinHorror_/Content/Assets/Materials/BaseMaterial/Packed/M_Lit_Packed_CO.uasset" 294
"D:/GameJams/2MinHorror/TwoMinHorror_/Content/Assets/Materials/BaseMaterial/M_Lit_Packed_CO.uasset" 295
"D:/GameJams/2MinHorror/TwoMinHorror_/Content/Assets/Materials/BaseMaterial/M_Emissive_Packed_CO.uasset" 296
"D:/GameJams/2MinHorror/TwoMinHorror_/Content/Assets/Materials/BaseMaterial/M_Lit_Packed_OP.uasset" 297
"D:/GameJams/2MinHorror/TwoMinHorror_/Content/Assets/Materials/BaseMaterial/M_Emissive_Packed_OP.uasset" 298
"D:/GameJams/2MinHorror/TwoMinHorror_/Content/Assets/Materials/BaseMaterial/Packed/M_Lit_Packed_TL.uasset" 299
"D:/GameJams/2MinHorror/TwoMinHorror_/Content/Assets/Materials/BaseMaterial/M_Lit_Packed_TL.uasset" 300
"D:/GameJams/2MinHorror/TwoMinHorror_/Content/Assets/Materials/BaseMaterial/M_Emissive_Packed_TL.uasset" 301
"D:/GameJams/2MinHorror/TwoMinHorror_/Content/Assets/Materials/Textures/White.uasset" 302
"D:/GameJams/2MinHorror/TwoMinHorror_/Content/Assets/Materials/Functions/MF_Emission.uasset" 303
"D:/GameJams/2MinHorror/TwoMinHorror_/Content/Assets/Materials/BaseMaterial/M_LightEmitter.uasset" 304
"D:/GameJams/2MinHorror/TwoMinHorror_/Content/Assets/Materials/BaseMaterial/M_Emmesive.uasset" 305
"../../../Engine/Content/Functions/Engine_MaterialFunctions01/Texturing/ComputeMipLevel.uasset" 306
"../../../Engine/Content/Functions/Engine_MaterialFunctions01/Texturing/TextureCropping.uasset" 307
"../../../Engine/Content/Functions/Engine_MaterialFunctions02/Utility/BreakOutFloat2Components.uasset" 308
"../../../Engine/Content/Functions/Engine_MaterialFunctions02/ExampleContent/DebugNumberStrip.uasset" 309
"../../../Engine/Content/Functions/Engine_MaterialFunctions02/ExampleContent/Textures/DebugNumberPeriod.uasset" 310
"../../../Engine/Content/Functions/Engine_MaterialFunctions02/Utility/DebugScalarValues.uasset" 311
"../../../Engine/Content/Functions/Engine_MaterialFunctions02/Utility/DebugFloat2Values.uasset" 312
"../../../Engine/Content/Functions/Engine_MaterialFunctions02/ExampleContent/Textures/flipbook.uasset" 313
"../../../Engine/Content/Functions/Engine_MaterialFunctions02/Texturing/FlipBook.uasset" 314
"D:/GameJams/2MinHorror/TwoMinHorror_/Content/Assets/Materials/Textures/Flipbook/EyeBlink.uasset" 315
"D:/GameJams/2MinHorror/TwoMinHorror_/Content/Assets/Materials/PostProcess/M_Flipbook.uasset" 316
"D:/GameJams/2MinHorror/TwoMinHorror_/Content/Assets/Materials/BaseMaterial/M_Flipbook.uasset" 317
"D:/GameJams/2MinHorror/TwoMinHorror_/Content/Assets/Materials/BaseMaterial/M_Master_PBR_Packed_OP.uasset" 318
"D:/GameJams/2MinHorror/TwoMinHorror_/Content/Assets/Materials/BaseMaterial/M_Master_Standrad.uasset" 319
"D:/GameJams/2MinHorror/TwoMinHorror_/Content/Assets/Materials/Textures/Generic/RefRamp.uasset" 320
"D:/GameJams/2MinHorror/TwoMinHorror_/Content/Assets/Materials/Textures/RefRamp.uasset" 321
"D:/GameJams/2MinHorror/TwoMinHorror_/Content/Assets/Materials/Functions/MF_Waves.uasset" 322
"D:/GameJams/2MinHorror/TwoMinHorror_/Content/Assets/Materials/BaseMaterial/Deforming/M_Wavy_OP.uasset" 323
"D:/GameJams/2MinHorror/TwoMinHorror_/Content/Assets/Materials/BaseMaterial/M_Wavy_OP.uasset" 324
"D:/GameJams/2MinHorror/TwoMinHorror_/Content/Assets/Materials/Functions/MF_Wet.uasset" 325
"D:/GameJams/2MinHorror/TwoMinHorror_/Content/Assets/Materials/BaseMaterial/M_Wet.uasset" 326
"D:/GameJams/2MinHorror/TwoMinHorror_/Content/Assets/Materials/BaseMaterial/M_Wet_Temp_Inst.uasset" 327
"D:/GameJams/2MinHorror/TwoMinHorror_/Content/Assets/Materials/GenericMaterials/MI_LIght.uasset" 328
"D:/GameJams/2MinHorror/TwoMinHorror_/Content/Assets/Materials/BaseMaterial/MI_LIght.uasset" 329
"D:/GameJams/2MinHorror/TwoMinHorror_/Content/Assets/Materials/BaseMaterial/NewMaterialInstanceConstant.uasset" 330
"D:/GameJams/2MinHorror/TwoMinHorror_/Content/Assets/Materials/Decals/M_PanDecal.uasset" 331
"D:/GameJams/2MinHorror/TwoMinHorror_/Content/Assets/Materials/Functions/MF_AdvancedUV.uasset" 332
"D:/GameJams/2MinHorror/TwoMinHorror_/Content/Assets/Materials/Functions/MF_NormalPower.uasset" 333
"D:/GameJams/2MinHorror/TwoMinHorror_/Content/Assets/Materials/Functions/MF_UVTile.uasset" 334
"D:/GameJams/2MinHorror/TwoMinHorror_/Content/Assets/Materials/Textures/Generic/RefRamp_Vert.uasset" 335
"D:/GameJams/2MinHorror/TwoMinHorror_/Content/Assets/Materials/FX/M_Ghost.uasset" 336
"D:/GameJams/2MinHorror/TwoMinHorror_/Content/Assets/Materials/GenericMaterials/MI_LIght_3.uasset" 337
"D:/GameJams/2MinHorror/TwoMinHorror_/Content/Assets/Materials/Textures/WallPlaster_01/T_WallPlaster_01_MSRA.uasset" 338
"D:/GameJams/2MinHorror/TwoMinHorror_/Content/Assets/Materials/Textures/WallPlaster_01/T_WallPlaster_01_N.uasset" 339
"D:/GameJams/2MinHorror/TwoMinHorror_/Content/Assets/Materials/GenericMaterials/MI_WallPlaster_03.uasset" 340
"D:/GameJams/2MinHorror/TwoMinHorror_/Content/Assets/Materials/Textures/WallPlaster_01/T_WallPlaster_01_A.uasset" 341
"D:/GameJams/2MinHorror/TwoMinHorror_/Content/Assets/Materials/GenericMaterials/MI_WallPlaster_7.uasset" 342
"D:/GameJams/2MinHorror/TwoMinHorror_/Content/Assets/Materials/Textures/FloorTile_01/T_FloorTile_01_A.uasset" 343
"D:/GameJams/2MinHorror/TwoMinHorror_/Content/Assets/Materials/Textures/FloorTile_01/T_FloorTile_01_MSRA.uasset" 344
"D:/GameJams/2MinHorror/TwoMinHorror_/Content/Assets/Materials/Textures/FloorTile_01/T_FloorTile_01_N.uasset" 345
"D:/GameJams/2MinHorror/TwoMinHorror_/Content/Assets/Materials/GenericMaterials/MI_FloorTile_01.uasset" 346
"D:/GameJams/2MinHorror/TwoMinHorror_/Content/Assets/Materials/GenericMaterials/NewMaterialInstanceConstant.uasset" 347
"D:/GameJams/2MinHorror/TwoMinHorror_/Content/Assets/Materials/Textures/Generic/Black.uasset" 348
"D:/GameJams/2MinHorror/TwoMinHorror_/Content/Assets/Materials/Textures/Black.uasset" 349
"D:/GameJams/2MinHorror/TwoMinHorror_/Content/Assets/Materials/Textures/Grey.uasset" 350
"D:/GameJams/2MinHorror/TwoMinHorror_/Content/Assets/Materials/Textures/Normal.uasset" 351
"D:/GameJams/2MinHorror/TwoMinHorror_/Content/Assets/Materials/Textures/RefRamp_Vert.uasset" 352
"D:/GameJams/2MinHorror/TwoMinHorror_/Content/Assets/Materials/Textures/T_Frost_03.uasset" 353
"D:/GameJams/2MinHorror/TwoMinHorror_/Content/Assets/Materials/Textures/T_Frost_03_N.uasset" 354
"D:/GameJams/2MinHorror/TwoMinHorror_/Content/Assets/Materials/Textures/Generic/gr_rad.uasset" 355
"D:/GameJams/2MinHorror/TwoMinHorror_/Content/Assets/Materials/Textures/Lights/screen-6.uasset" 356
"D:/GameJams/2MinHorror/TwoMinHorror_/Content/Assets/Meshes/Environment/Props/remote.uasset" 357
"D:/GameJams/2MinHorror/TwoMinHorror_/Content/Assets/Meshes/Environment/Props/T_Book_A.uasset" 358
"D:/GameJams/2MinHorror/TwoMinHorror_/Content/Assets/Meshes/ProxyMeshes/Hi_Plane.uasset" 359
"D:/GameJams/2MinHorror/TwoMinHorror_/Content/Assets/Particles/WaterLeak/WaterLeaking_PRT.uasset" 360
"D:/GameJams/2MinHorror/TwoMinHorror_/Content/Assets/Particles/WaterLeaking_PRT.uasset" 361
"D:/GameJams/2MinHorror/TwoMinHorror_/Content/Assets/Particles/WaterLeak/Leak_Emt.uasset" 362
"D:/GameJams/2MinHorror/TwoMinHorror_/Content/Assets/Materials/GenericMaterials/MI_Generic_White.uasset" 363
"D:/GameJams/2MinHorror/TwoMinHorror_/Content/Assets/Whiteboxes/SM_Whitebox_SetDressing_DrawingRoom_01.uasset" 364
"D:/GameJams/2MinHorror/TwoMinHorror_/Content/Assets/Whiteboxes/SM_Whitebox_SetDressing_GroundFloorItems_01.uasset" 365
"D:/GameJams/2MinHorror/TwoMinHorror_/Content/Assets/Whiteboxes/SM_Whitebox_SetDressing_Kitchen_01.uasset" 366
"D:/GameJams/2MinHorror/TwoMinHorror_/Content/Assets/Whiteboxes/SM_Whitebox_Terrace_01.uasset" 367
"D:/GameJams/2MinHorror/TwoMinHorror_/Content/Blueprints/Actors/Environment/WallDecals_BP.uasset" 368
"D:/GameJams/2MinHorror/TwoMinHorror_/Content/Blueprints/Actors/Helpers/LevelStreamHelper_BP.uasset" 369
"D:/GameJams/2MinHorror/TwoMinHorror_/Content/Blueprints/Actors/Volumes/LevelLightOptimiser_BP.uasset" 370
"D:/GameJams/2MinHorror/TwoMinHorror_/Content/Blueprints/Misc/GameSettings.uasset" 371
"D:/GameJams/2MinHorror/TwoMinHorror_/Content/Blueprints/Misc/HorroGame_gameInstance.uasset" 372
"D:/GameJams/2MinHorror/TwoMinHorror_/Content/Blueprints/UMG/Misc/Interactive_UMG.uasset" 373
"D:/GameJams/2MinHorror/TwoMinHorror_/Content/Blueprints/UMG/UserInterFace/InteractHUD.uasset" 374
"D:/GameJams/2MinHorror/TwoMinHorror_/Content/Cinematics/Sequences/EndSequence/shots/shot0010/shot0010_001.uasset" 375
"D:/GameJams/2MinHorror/TwoMinHorror_/Content/Cinematics/Sequences/EndSequence/shots/shot0020/shot0020_001.uasset" 376
"D:/GameJams/2MinHorror/TwoMinHorror_/Content/Cinematics/Sequences/EndSequence/shots/shot0030/shot0030_001.uasset" 377
"D:/GameJams/2MinHorror/TwoMinHorror_/Content/Cinematics/Sequences/EndSequence/shots/shot0040/shot0040_001.uasset" 378
"D:/GameJams/2MinHorror/TwoMinHorror_/Content/Cinematics/Sequences/EndSequence/shots/shot0050/shot0050_001.uasset" 379
"D:/GameJams/2MinHorror/TwoMinHorror_/Content/Levels/LevelLayers/Whitebox.uasset" 380
"D:/GameJams/2MinHorror/TwoMinHorror_/Content/NaturePackage/Textures/BaseTexture/base_flat_n.uasset" 381
"D:/GameJams/2MinHorror/TwoMinHorror_/Content/NaturePackage/Textures/BaseTexture/Glass_N.uasset" 382
"D:/GameJams/2MinHorror/TwoMinHorror_/Content/NaturePackage/Materials/BaseMaterial/base_Water.uasset" 383
"D:/GameJams/2MinHorror/TwoMinHorror_/Content/NaturePackage/Materials/BaseMaterial/Gray_M2.uasset" 384
"D:/GameJams/2MinHorror/TwoMinHorror_/Content/NaturePackage/Textures/BaseTexture/base_gray_d.uasset" 385
"D:/GameJams/2MinHorror/TwoMinHorror_/Content/NaturePackage/Textures/BaseTexture/base_white_d.uasset" 386
"D:/GameJams/2MinHorror/TwoMinHorror_/Content/NaturePackage/Textures/BaseTexture/Mask1.uasset" 387
"D:/GameJams/2MinHorror/TwoMinHorror_/Content/NaturePackage/Materials/BaseMaterial/Ground.uasset" 388
"D:/GameJams/2MinHorror/TwoMinHorror_/Content/NaturePackage/Materials/BaseMaterial/Sky.uasset" 389
"../../../Engine/Content/Functions/Engine_MaterialFunctions01/Shading/FuzzyShading.uasset" 390
"../../../Engine/Content/Functions/Engine_MaterialFunctions01/Vectors/RotateVector.uasset" 391
"../../../Engine/Content/Functions/Engine_MaterialFunctions02/WorldPositionOffset/Wind.uasset" 392
"D:/GameJams/2MinHorror/TwoMinHorror_/Content/NaturePackage/Textures/BaseTexture/gradient_D.uasset" 393
"D:/GameJams/2MinHorror/TwoMinHorror_/Content/NaturePackage/Materials/BaseMaterial/Flora_twoSides.uasset" 394
"D:/GameJams/2MinHorror/TwoMinHorror_/Content/NaturePackage/Textures/flora/Grass1_D.uasset" 395
"D:/GameJams/2MinHorror/TwoMinHorror_/Content/NaturePackage/Textures/flora/Grass1_N.uasset" 396
"D:/GameJams/2MinHorror/TwoMinHorror_/Content/NaturePackage/Materials/flora/grass01.uasset" 397
"D:/GameJams/2MinHorror/TwoMinHorror_/Content/NaturePackage/Textures/flora/Grass1_2_D.uasset" 398
"D:/GameJams/2MinHorror/TwoMinHorror_/Content/NaturePackage/Textures/flora/Grass1_2_N.uasset" 399
"D:/GameJams/2MinHorror/TwoMinHorror_/Content/NaturePackage/Materials/flora/grass01_3.uasset" 400
"D:/GameJams/2MinHorror/TwoMinHorror_/Content/NaturePackage/Textures/flora/Grass2_D.uasset" 401
"D:/GameJams/2MinHorror/TwoMinHorror_/Content/NaturePackage/Textures/flora/Grass2_N.uasset" 402
"D:/GameJams/2MinHorror/TwoMinHorror_/Content/NaturePackage/Materials/flora/grass02_2.uasset" 403
"D:/GameJams/2MinHorror/TwoMinHorror_/Content/NaturePackage/Materials/BaseMaterial/Flora_back.uasset" 404
"D:/GameJams/2MinHorror/TwoMinHorror_/Content/NaturePackage/Textures/flora/RPineTree_D.uasset" 405
"D:/GameJams/2MinHorror/TwoMinHorror_/Content/NaturePackage/Materials/flora/RPineTree.uasset" 406
"D:/GameJams/2MinHorror/TwoMinHorror_/Content/NaturePackage/Textures/flora/RTrees_D.uasset" 407
"D:/GameJams/2MinHorror/TwoMinHorror_/Content/NaturePackage/Materials/flora/RTree.uasset" 408
"D:/GameJams/2MinHorror/TwoMinHorror_/Content/NaturePackage/Textures/flora/TreeBranch_D.uasset" 409
"D:/GameJams/2MinHorror/TwoMinHorror_/Content/NaturePackage/Textures/flora/TreeBranch_N.uasset" 410
"D:/GameJams/2MinHorror/TwoMinHorror_/Content/NaturePackage/Materials/flora/TreeBrunch1.uasset" 411
"D:/GameJams/2MinHorror/TwoMinHorror_/Content/NaturePackage/Textures/flora/TreeBranch2_D.uasset" 412
"D:/GameJams/2MinHorror/TwoMinHorror_/Content/NaturePackage/Textures/flora/TreeBranch2_N.uasset" 413
"D:/GameJams/2MinHorror/TwoMinHorror_/Content/NaturePackage/Materials/flora/TreeBrunch2_2.uasset" 414
"D:/GameJams/2MinHorror/TwoMinHorror_/Content/NaturePackage/Materials/flora/TreeBrunch22.uasset" 415
"D:/GameJams/2MinHorror/TwoMinHorror_/Content/NaturePackage/Materials/flora/TreeBrunch2_3.uasset" 416
"D:/GameJams/2MinHorror/TwoMinHorror_/Content/NaturePackage/Materials/flora/TreeBrunch23.uasset" 417
"D:/GameJams/2MinHorror/TwoMinHorror_/Content/NaturePackage/Materials/flora/TreeBrunch2_4.uasset" 418
"D:/GameJams/2MinHorror/TwoMinHorror_/Content/NaturePackage/Materials/flora/TreeBrunch24.uasset" 419
"D:/GameJams/2MinHorror/TwoMinHorror_/Content/NaturePackage/Materials/flora/TreeBrunch2_5.uasset" 420
"D:/GameJams/2MinHorror/TwoMinHorror_/Content/NaturePackage/Materials/flora/TreeBrunch2_7.uasset" 421
"D:/GameJams/2MinHorror/TwoMinHorror_/Content/NaturePackage/Materials/flora/TreeBrunch2_52.uasset" 422
"D:/GameJams/2MinHorror/TwoMinHorror_/Content/NaturePackage/Materials/flora/TreeBrunch2_6.uasset" 423
"D:/GameJams/2MinHorror/TwoMinHorror_/Content/NaturePackage/Textures/flora/TreeBranch3_D.uasset" 424
"D:/GameJams/2MinHorror/TwoMinHorror_/Content/NaturePackage/Textures/flora/TreeBranch3_N.uasset" 425
"D:/GameJams/2MinHorror/TwoMinHorror_/Content/NaturePackage/Materials/flora/TreeBrunch3.uasset" 426
"D:/GameJams/2MinHorror/TwoMinHorror_/Content/NaturePackage/Materials/flora/TreeBrunch3_2.uasset" 427
"../../../Engine/Content/Functions/Engine_MaterialFunctions02/Math/MultiplyAdd.uasset" 428
"../../../Engine/Content/Functions/Engine_MaterialFunctions02/Utility/BlendAngleCorrectedNormals.uasset" 429
"D:/GameJams/2MinHorror/TwoMinHorror_/Content/NaturePackage/Materials/BaseMaterial/bese_material.uasset" 430
"D:/GameJams/2MinHorror/TwoMinHorror_/Content/NaturePackage/Textures/flora/TreeBark2_D.uasset" 431
"D:/GameJams/2MinHorror/TwoMinHorror_/Content/NaturePackage/Textures/flora/TreeBark2_N.uasset" 432
"D:/GameJams/2MinHorror/TwoMinHorror_/Content/NaturePackage/Textures/flora/TreeBark_D.uasset" 433
"D:/GameJams/2MinHorror/TwoMinHorror_/Content/NaturePackage/Textures/flora/TreeBark_N.uasset" 434
"D:/GameJams/2MinHorror/TwoMinHorror_/Content/NaturePackage/Materials/flora/tree_bark2.uasset" 435
"D:/GameJams/2MinHorror/TwoMinHorror_/Content/NaturePackage/Textures/flora/TreeBark3_D.uasset" 436
"D:/GameJams/2MinHorror/TwoMinHorror_/Content/NaturePackage/Textures/flora/TreeBark3_N.uasset" 437
"D:/GameJams/2MinHorror/TwoMinHorror_/Content/NaturePackage/Materials/flora/tree_bark3.uasset" 438
"D:/GameJams/2MinHorror/TwoMinHorror_/Content/NaturePackage/Materials/flora/tree_bark_2.uasset" 439
"D:/GameJams/2MinHorror/TwoMinHorror_/Content/NaturePackage/Textures/flora/WaterPlant_D.uasset" 440
"D:/GameJams/2MinHorror/TwoMinHorror_/Content/NaturePackage/Textures/flora/WaterPlant_N.uasset" 441
"D:/GameJams/2MinHorror/TwoMinHorror_/Content/NaturePackage/Materials/flora/WaterPlant.uasset" 442
"D:/GameJams/2MinHorror/TwoMinHorror_/Content/NaturePackage/Textures/flora/Wheat_D.uasset" 443
"D:/GameJams/2MinHorror/TwoMinHorror_/Content/NaturePackage/Textures/flora/Wheat_N.uasset" 444
"D:/GameJams/2MinHorror/TwoMinHorror_/Content/NaturePackage/Materials/flora/Wheat.uasset" 445
"D:/GameJams/2MinHorror/TwoMinHorror_/Content/NaturePackage/Materials/flora/grass01_2.uasset" 446
"D:/GameJams/2MinHorror/TwoMinHorror_/Content/NaturePackage/Meshes/RescaledFlora/Grass1_01.uasset" 447
"D:/GameJams/2MinHorror/TwoMinHorror_/Content/NaturePackage/Meshes/RescaledFlora/Grass1_03.uasset" 448
"D:/GameJams/2MinHorror/TwoMinHorror_/Content/NaturePackage/Meshes/RescaledFlora/Grass1_03_FoliageType.uasset" 449
"D:/GameJams/2MinHorror/TwoMinHorror_/Content/NaturePackage/Meshes/RescaledFlora/Grass1_05.uasset" 450
"D:/GameJams/2MinHorror/TwoMinHorror_/Content/NaturePackage/Meshes/RescaledFlora/Grass1_05_FoliageType.uasset" 451
"D:/GameJams/2MinHorror/TwoMinHorror_/Content/NaturePackage/Materials/flora/grass02.uasset" 452
"D:/GameJams/2MinHorror/TwoMinHorror_/Content/NaturePackage/Meshes/RescaledFlora/Grass2_01.uasset" 453
"D:/GameJams/2MinHorror/TwoMinHorror_/Content/NaturePackage/Meshes/RescaledFlora/Grass2_02.uasset" 454
"D:/GameJams/2MinHorror/TwoMinHorror_/Content/NaturePackage/Meshes/RescaledFlora/Grass2_03.uasset" 455
"D:/GameJams/2MinHorror/TwoMinHorror_/Content/NaturePackage/Meshes/RescaledFlora/Grass2_04.uasset" 456
"D:/GameJams/2MinHorror/TwoMinHorror_/Content/NaturePackage/Meshes/RescaledFlora/Grass2_05.uasset" 457
"D:/GameJams/2MinHorror/TwoMinHorror_/Content/NaturePackage/Textures/flora/RTrees2_D.uasset" 458
"D:/GameJams/2MinHorror/TwoMinHorror_/Content/NaturePackage/Materials/flora/RTree2.uasset" 459
"D:/GameJams/2MinHorror/TwoMinHorror_/Content/NaturePackage/Materials/flora/tree_bark.uasset" 460
"D:/GameJams/2MinHorror/TwoMinHorror_/Content/NaturePackage/Materials/flora/TreeBrunch2.uasset" 461
"D:/GameJams/2MinHorror/TwoMinHorror_/Content/NaturePackage/Meshes/RescaledFlora/Tree08.uasset" 462
"D:/GameJams/2MinHorror/TwoMinHorror_/Content/NaturePackage/Textures/BaseTexture/Glass_D.uasset" 463
"D:/GameJams/2MinHorror/TwoMinHorror_/Content/NaturePackage/Textures/flora/Bush02_D.uasset" 464
"D:/GameJams/2MinHorror/TwoMinHorror_/Content/Sequences/EndingSequence.uasset" 465
"D:/GameJams/2MinHorror/TwoMinHorror_/Content/Splash/EdSplash.uasset" 466
"D:/GameJams/2MinHorror/TwoMinHorror_/Content/Splash/Splash.uasset" 467
"../../../Engine/Content/Animation/DefaultAnimCurveCompressionSettings.uasset" 468
"../../../Engine/Content/ArtTools/RenderToTexture/Meshes/S_1_Unit_Plane.uasset" 469
"../../../Engine/Content/EngineMaterials/DefaultMaterial.uasset" 470
"../../../Engine/Content/BasicShapes/Cone.uasset" 471
"../../../Engine/Content/EditorLandscapeResources/DataLayer.uasset" 472
"../../../Engine/Content/EditorMaterials/MAT_Groups_Toggle.uasset" 473
"../../../Engine/Content/EditorMaterials/MAT_Groups_Visibility.uasset" 474
"../../../Engine/Content/EditorMaterials/PreviewShadowIndicator.uasset" 475
"../../../Engine/Content/EditorMaterials/PreviewShadowIndicatorMaterial.uasset" 476
"../../../Engine/Content/EditorMaterials/MatineeGroups/MAT_ColorTrack.uasset" 477
"../../../Engine/Content/EditorMaterials/MatineeGroups/MAT_Groups_Anim.uasset" 478
"../../../Engine/Content/EditorMaterials/MatineeGroups/MAT_Groups_AudioMaster.uasset" 479
"../../../Engine/Content/EditorMaterials/MatineeGroups/MAT_Groups_Director.uasset" 480
"../../../Engine/Content/EditorMaterials/MatineeGroups/MAT_Groups_Event.uasset" 481
"../../../Engine/Content/EditorMaterials/MatineeGroups/MAT_Groups_Fade.uasset" 482
"../../../Engine/Content/EditorMaterials/MatineeGroups/MAT_Groups_Float.uasset" 483
"../../../Engine/Content/EditorMaterials/MatineeGroups/MAT_Groups_Move.uasset" 484
"../../../Engine/Content/EditorMaterials/MatineeGroups/MAT_Groups_Slomo.uasset" 485
"../../../Engine/Content/EditorMaterials/MatineeGroups/MAT_Groups_Sound.uasset" 486
"../../../Engine/Content/EditorMaterials/MatineeGroups/MAT_Groups_Vector.uasset" 487
"../../../Engine/Content/EditorMaterials/ParticleSystems/PSysThumbnail_NoImage.uasset" 488
"../../../Engine/Content/EditorMaterials/ParticleSystems/PSysThumbnail_OOD.uasset" 489
"../../../Engine/Content/EditorMaterials/Camera/CineMat.uasset" 490
"../../../Engine/Content/EditorMaterials/Camera/MI_CineMat_Rig.uasset" 491
"../../../Engine/Content/EditorMeshes/Camera/SM_CraneRig_Arm.uasset" 492
"../../../Engine/Content/EditorMeshes/Camera/SM_CraneRig_Base.uasset" 493
"../../../Engine/Content/EditorMeshes/Camera/SM_CraneRig_Body.uasset" 494
"../../../Engine/Content/EditorMeshes/Camera/SM_CraneRig_Mount.uasset" 495
"../../../Engine/Content/EditorMeshes/Camera/SM_RailRig_Mount.uasset" 496
"../../../Engine/Content/EditorMeshes/Camera/SM_RailRig_Track.uasset" 497
"../../../Engine/Content/EditorResources/BSPVertex.uasset" 498
"../../../Engine/Content/EditorResources/EmptyActor.uasset" 499
"../../../Engine/Content/EditorResources/S_Actor.uasset" 500
"../../../Engine/Content/EditorResources/S_Note.uasset" 501
"../../../Engine/Content/EditorResources/S_Solver.uasset" 502
"../../../Engine/Content/EditorResources/S_Trigger.uasset" 503
"../../../Engine/Content/EditorResources/AudioIcons/S_AudioComponent.uasset" 504
"../../../Engine/Content/EditorResources/AudioIcons/S_AudioComponent_AutoActivate.uasset" 505
"../../../Engine/Content/EditorResources/LightIcons/S_LightError.uasset" 506
"../../../Engine/Content/EditorResources/SequenceRecorder/Countdown.uasset" 507
"../../../Engine/Content/EditorResources/SequenceRecorder/RecordingIndicator.uasset" 508
"../../../Engine/Content/EditorSounds/Notifications/CompileFailed.uasset" 509
"../../../Engine/Content/EditorSounds/Notifications/CompileFailed_Cue.uasset" 510
"../../../Engine/Content/EditorSounds/Notifications/CompileSuccess.uasset" 511
"../../../Engine/Content/EditorSounds/Notifications/CompileStart_Cue.uasset" 512
"../../../Engine/Content/EditorSounds/Notifications/CompileSuccess_Cue.uasset" 513
"../../../Engine/Content/EngineDamageTypes/DmgTypeBP_Environmental.uasset" 514
"../../../Engine/Content/EngineDebugMaterials/DebugEditorMaterial.uasset" 515
"../../../Engine/Content/EngineDebugMaterials/DebugMeshMaterial.uasset" 516
"../../../Engine/Content/EngineDebugMaterials/M_SimpleTranslucent.uasset" 517
"../../../Engine/Content/Functions/Engine_MaterialFunctions02/Utility/CameraDirectionVector.uasset" 518
"../../../Engine/Content/EngineDebugMaterials/VolumeToRender.uasset" 519
"../../../Engine/Content/EngineDebugMaterials/M_VolumeRenderSphereTracePP.uasset" 520
"../../../Engine/Content/EngineDebugMaterials/WireframeMaterial.uasset" 521
"../../../Engine/Content/EngineFonts/Faces/DroidSansFallback.uasset" 522
"../../../Engine/Content/EngineFonts/Faces/RobotoBold.uasset" 523
"../../../Engine/Content/EngineFonts/Faces/RobotoBoldItalic.uasset" 524
"../../../Engine/Content/EngineFonts/Faces/RobotoItalic.uasset" 525
"../../../Engine/Content/EngineFonts/Faces/RobotoLight.uasset" 526
"../../../Engine/Content/EngineFonts/Faces/RobotoRegular.uasset" 527
"../../../Engine/Content/EngineFonts/Roboto.uasset" 528
"../../../Engine/Content/EngineMaterials/BaseFlattenDiffuseMap.uasset" 529
"../../../Engine/Content/EngineMaterials/BaseFlattenEmissiveMap.uasset" 530
"../../../Engine/Content/EngineMaterials/BaseFlattenGrayscaleMap.uasset" 531
"../../../Engine/Content/EngineMaterials/BaseFlattenNormalMap.uasset" 532
"../../../Engine/Content/EngineMaterials/BaseFlattenMaterial.uasset" 533
"../../../Engine/Content/EngineMaterials/BlueNoise.uasset" 534
"../../../Engine/Content/EngineMaterials/DefaultBloomKernel.uasset" 535
"../../../Engine/Content/EngineMaterials/DefaultBokeh.uasset" 536
"../../../Engine/Content/EngineMaterials/DefaultDeferredDecalMaterial.uasset" 537
"../../../Engine/Content/EngineMaterials/DefaultLightFunctionMaterial.uasset" 538
"../../../Engine/Content/EngineMaterials/DefaultPhysicalMaterial.uasset" 539
"../../../Engine/Content/EngineMaterials/DefaultPostProcessMaterial.uasset" 540
"../../../Engine/Content/EngineFonts/RobotoDistanceField.uasset" 541
"../../../Engine/Content/EngineMaterials/DefaultTextMaterialOpaque.uasset" 542
"../../../Engine/Content/EngineMaterials/DefaultVirtualTextureMaterial.uasset" 543
"../../../Engine/Content/EngineMaterials/DefaultWhiteGrid.uasset" 544
"../../../Engine/Content/EngineMaterials/DefaultWhiteGrid_Low.uasset" 545
"../../../Engine/Content/EngineMaterials/EmissiveMeshMaterial.uasset" 546
"../../../Engine/Content/EngineMaterials/GizmoMaterial.uasset" 547
"../../../Engine/Content/EngineMaterials/HairDefaultMaterial.uasset" 548
"../../../Engine/Content/EngineMaterials/MiniFont.uasset" 549
"../../../Engine/Content/EngineMaterials/InvalidLightmapSettings.uasset" 550
"../../../Engine/Content/EngineMaterials/M_InvalidLightmapSettings.uasset" 551
"../../../Engine/Content/Functions/Engine_MaterialFunctions02/WorldPositionOffset/CameraOffset.uasset" 552
"../../../Engine/Content/EngineMaterials/PhAT_JointLimitMaterial.uasset" 553
"../../../Engine/Content/EngineMaterials/PreintegratedSkinBRDF.uasset" 554
"../../../Engine/Content/EngineMaterials/RemoveSurfaceMaterial.uasset" 555
"../../../Engine/Content/EngineMaterials/WeightMapPlaceholderTexture.uasset" 556
"../../../Engine/Content/EngineResources/WhiteSquareTexture.uasset" 557
"../../../Engine/Content/EngineMaterials/Widget3DPassThrough.uasset" 558
"../../../Engine/Content/EngineMaterials/Widget3DPassThrough_Masked.uasset" 559
"../../../Engine/Content/EngineMaterials/Widget3DPassThrough_Opaque.uasset" 560
"../../../Engine/Content/EngineMaterials/Widget3DPassThrough_Masked_OneSided.uasset" 561
"../../../Engine/Content/EngineMaterials/Widget3DPassThrough_Opaque_OneSided.uasset" 562
"../../../Engine/Content/EngineMaterials/Widget3DPassThrough_Translucent.uasset" 563
"../../../Engine/Content/EngineMaterials/Widget3DPassThrough_Translucent_OneSided.uasset" 564
"../../../Engine/Content/EngineMeshes/Cylinder.uasset" 565
"../../../Engine/Content/EngineMeshes/Sphere.uasset" 566
"../../../Engine/Content/EngineResources/Black.uasset" 567
"../../../Engine/Content/EngineResources/DefaultTexture.uasset" 568
"../../../Engine/Content/EngineResources/DefaultTextureCube.uasset" 569
"../../../Engine/Content/EngineResources/DefaultVolumeTexture2D.uasset" 570
"../../../Engine/Content/EngineResources/DefaultVolumeTexture.uasset" 571
"../../../Engine/Content/EngineResources/GradientTexture0.uasset" 572
"../../../Engine/Content/EngineSounds/Master.uasset" 573
"../../../Engine/Content/Functions/Engine_MaterialFunctions01/Shading/ConvertFromDiffSpec.uasset" 574
"../../../Engine/Content/Functions/Engine_MaterialFunctions01/Shading/PowerToRoughness.uasset" 575
"../../../Engine/Content/Maps/Templates/Thumbnails/Default.uasset" 576
"../../../Engine/Content/Maps/Templates/Thumbnails/TimeOfDay.uasset" 577
"../../../Engine/Content/Maps/Templates/Thumbnails/VR-Basic.uasset" 578
"../../../Engine/Content/MobileResources/T_MobileControls_texture.uasset" 579
"../../../Engine/Content/MobileResources/T_MobileMenu2.uasset" 580
"../../../Engine/Content/MobileResources/HUD/AnalogHat.uasset" 581
"../../../Engine/Content/MobileResources/HUD/VirtualJoystick_Background.uasset" 582
"../../../Engine/Content/MobileResources/HUD/VirtualJoystick_Thumb.uasset" 583
"../../../Engine/Content/MobileResources/HUD/DefaultVirtualJoysticks.uasset" 584
"../../../Engine/Content/MobileResources/HUD/LeftVirtualJoystickOnly.uasset" 585
"../../../Engine/Content/MobileResources/HUD/MobileHUDButton1_off.uasset" 586
"../../../Engine/Content/MobileResources/HUD/MobileHUDButton1_on.uasset" 587
"../../../Engine/Content/MobileResources/HUD/MobileHUDButton2_off.uasset" 588
"../../../Engine/Content/MobileResources/HUD/MobileHUDButton2_on.uasset" 589
"../../../Engine/Content/MobileResources/HUD/MobileHUDButton3.uasset" 590
"../../../Engine/Content/MobileResources/HUD/MobileHUDButtonFire.uasset" 591
"../../../Engine/Content/MobileResources/HUD/MobileHUDDirectionPad.uasset" 592
"../../../Engine/Content/MobileResources/HUD/MobileHUDDirectionPad2.uasset" 593
"../../../Engine/Content/MobileResources/HUD/MobileHUDDirectionPad3.uasset" 594
"../../../Engine/Content/MobileResources/HUD/MobileHUDDirectionStick.uasset" 595
"../../../Engine/Content/MobileResources/HUD/T_Castle_ThumbstickInner.uasset" 596
"../../../Engine/Content/MobileResources/HUD/T_Castle_ThumbstickOutter.uasset" 597
"../../../Engine/Content/Tutorial/ContentIntroCurve.uasset" 598
"../../../Engine/Content/Tutorial/Basics/LevelEditorAttract.uasset" 599
"../../../Engine/Content/VREditor/LaserPointer/VR_LaserPower_01.uasset" 600
"../../../Engine/Content/VREditor/TransformGizmo/TransformGizmoMaterial.uasset" 601
"../../../Engine/Content/VREditor/TransformGizmo/TranslucentTransformGizmoMaterial.uasset" 602
"../../../Engine/Content/VREditor/TransformGizmo/BoundingBoxCorner.uasset" 603
"../../../Engine/Content/VREditor/TransformGizmo/BoundingBoxEdge.uasset" 604
"../../../Engine/Content/VREditor/TransformGizmo/PlaneTranslationHandle.uasset" 605
"../../../Engine/Content/VREditor/TransformGizmo/Main.uasset" 606
"../../../Engine/Content/VREditor/TransformGizmo/Xray.uasset" 607
"../../../Engine/Content/VREditor/TransformGizmo/SM_Sequencer_Key.uasset" 608
"../../../Engine/Content/VREditor/TransformGizmo/SM_Sequencer_Node.uasset" 609
"../../Plugins/2D/Paper2D/Content/PlaceholderTextures/DummySpriteTexture.uasset" 610
"../../Plugins/2D/Paper2D/Content/DummySprite.uasset" 611
"../../Plugins/2D/Paper2D/Content/DefaultPaperTerrainMaterial.uasset" 612
"../../Plugins/2D/Paper2D/Content/DummySpriteTexture.uasset" 613
"../../Plugins/2D/Paper2D/Content/DefaultSpriteMaterial.uasset" 614
"../../Plugins/2D/Paper2D/Content/MaskedUnlitSpriteMaterial.uasset" 615
"../../Plugins/2D/Paper2D/Content/OpaqueUnlitSpriteMaterial.uasset" 616
"../../Plugins/FX/Niagara/Content/Enums/ENiagaraBooleanLogicOps.uasset" 617
"../../Plugins/FX/Niagara/Content/Enums/ENiagaraOrientationAxis.uasset" 618
"../../../Engine/Content/Functions/Engine_MaterialFunctions02/Utility/BreakOutFloat4Components.uasset" 619
"../../../Engine/Content/Functions/Engine_MaterialFunctions02/Utility/MakeFloat2.uasset" 620
"../../../Engine/Content/Functions/Engine_MaterialFunctions02/Utility/MakeFloat3.uasset" 621
"../../Plugins/Runtime/Oculus/OculusVR/Content/Materials/OculusMR_ChromaKey.uasset" 622
"../../Plugins/Runtime/Oculus/OculusVR/Content/Materials/OculusMR_ChromaKey_Lit.uasset" 623
"../../Plugins/Runtime/Oculus/OculusVR/Content/Materials/OculusMR_OpaqueColoredMaterial.uasset" 624
"../../Plugins/Runtime/Oculus/OculusVR/Content/Materials/OculusMR_WhiteMaterial.uasset" 625
"D:/GameJams/2MinHorror/TwoMinHorror_/Content/Assets/Materials/Textures/Fan_01/T_Fan_01_A.uasset" 626
"D:/GameJams/2MinHorror/TwoMinHorror_/Content/Assets/Materials/Textures/Fan_01/T_Fan_01_AO.uasset" 627
"D:/GameJams/2MinHorror/TwoMinHorror_/Content/Assets/Materials/Textures/Fan_01/T_Fan_01_MSRD.uasset" 628
"D:/GameJams/2MinHorror/TwoMinHorror_/Content/Assets/Materials/Textures/Fan_01/T_Fan_01_N.uasset" 629
"D:/GameJams/2MinHorror/TwoMinHorror_/Content/Assets/Materials/GenericMaterials/MI_Fan_01.uasset" 630
"D:/GameJams/2MinHorror/TwoMinHorror_/Content/Assets/Meshes/Environment/Props/SM_Fan_01.uasset" 631
"D:/GameJams/2MinHorror/TwoMinHorror_/Content/Blueprints/Actors/Environment/FAN_BP.uasset" 632
"D:/GameJams/2MinHorror/TwoMinHorror_/Content/Blueprints/Actors/Helpers/DisableInput_BP.uasset" 633
"D:/GameJams/2MinHorror/TwoMinHorror_/Content/Assets/Audio/SFX/SFX_StaircaseClimb.uasset" 634
"D:/GameJams/2MinHorror/TwoMinHorror_/Content/Blueprints/Actors/Helpers/StaircaseWalkSound_BP.uasset" 635
"../../../Engine/Content/BasicShapes/Sphere.uasset" 636
"D:/GameJams/2MinHorror/TwoMinHorror_/Content/Blueprints/Actors/Attachments/InspectLights_BP.uasset" 637
"D:/GameJams/2MinHorror/TwoMinHorror_/Content/Blueprints/Actors/Helpers/ProgressTracker_BP.uasset" 638
"D:/GameJams/2MinHorror/TwoMinHorror_/Content/Assets/Materials/GenericMaterials/Billboard/MIB_Pick.uasset" 639
"D:/GameJams/2MinHorror/TwoMinHorror_/Content/Assets/Audio/SFX/SFX_ObjectInteraction.uasset" 640
"D:/GameJams/2MinHorror/TwoMinHorror_/Content/Blueprints/Actors/Interactive/InteractivePickable.uasset" 641
"D:/GameJams/2MinHorror/TwoMinHorror_/Content/Assets/Materials/Textures/Bed_01/T_BedWood_A.uasset" 642
"D:/GameJams/2MinHorror/TwoMinHorror_/Content/Assets/Materials/Textures/Bed_01/T_BedWood_MSRD.uasset" 643
"D:/GameJams/2MinHorror/TwoMinHorror_/Content/Assets/Materials/GenericMaterials/MI_BedWood.uasset" 644
"../../../Engine/Content/BasicShapes/Cylinder.uasset" 645
"D:/GameJams/2MinHorror/TwoMinHorror_/Content/Assets/Audio/VoiceOvers/Nikki/15-_SkippingRopeReaction.uasset" 646
"D:/GameJams/2MinHorror/TwoMinHorror_/Content/Assets/Materials/Textures/DrwaingBook/T_DrawingBook_A.uasset" 647
"D:/GameJams/2MinHorror/TwoMinHorror_/Content/Assets/Materials/Textures/DrwaingBook/T_DrawingBook_MSRD.uasset" 648
"D:/GameJams/2MinHorror/TwoMinHorror_/Content/Assets/Materials/GenericMaterials/MI_DrwaingBook.uasset" 649
"D:/GameJams/2MinHorror/TwoMinHorror_/Content/Assets/Props/Interactive/SM_INT_DrawingBook_01.uasset" 650
"D:/GameJams/2MinHorror/TwoMinHorror_/Content/Assets/Materials/Textures/Generic/furry_fabric_03_height.uasset" 651
"D:/GameJams/2MinHorror/TwoMinHorror_/Content/Assets/Materials/Textures/Generic/furry_fabric_03_Normal.uasset" 652
"D:/GameJams/2MinHorror/TwoMinHorror_/Content/Assets/Materials/BaseMaterial/Packed/M_Lit_Fur_OP.uasset" 653
"D:/GameJams/2MinHorror/TwoMinHorror_/Content/Assets/Materials/Textures/StuffToy/T_StuffToy_A.uasset" 654
"D:/GameJams/2MinHorror/TwoMinHorror_/Content/Assets/Materials/Textures/StuffToy/T_StuffToy_AO.uasset" 655
"D:/GameJams/2MinHorror/TwoMinHorror_/Content/Assets/Materials/Textures/StuffToy/T_StuffToy_MSRD.uasset" 656
"D:/GameJams/2MinHorror/TwoMinHorror_/Content/Assets/Materials/Textures/StuffToy/T_StuffToy_N.uasset" 657
"D:/GameJams/2MinHorror/TwoMinHorror_/Content/Assets/Materials/GenericMaterials/MI_StuffToy.uasset" 658
"D:/GameJams/2MinHorror/TwoMinHorror_/Content/Assets/Props/Interactive/SM_INT_StuffToy_01.uasset" 659
"D:/GameJams/2MinHorror/TwoMinHorror_/Content/Blueprints/Actors/Interactive/SkippingRope_BP.uasset" 660
"D:/GameJams/2MinHorror/TwoMinHorror_/Content/Assets/Audio/VoiceOvers/Nikki/13-_Plushie_Reaction.uasset" 661
"D:/GameJams/2MinHorror/TwoMinHorror_/Content/Blueprints/Actors/Interactive/StuffedToy_BP.uasset" 662
"D:/GameJams/2MinHorror/TwoMinHorror_/Content/Assets/Materials/GenericMaterials/MI_LIght_2.uasset" 663
"D:/GameJams/2MinHorror/TwoMinHorror_/Content/Assets/Materials/Textures/Plastic_01/T_Plastic_A.uasset" 664
"D:/GameJams/2MinHorror/TwoMinHorror_/Content/Assets/Materials/Textures/Plastic_01/T_Plastic_MSR.uasset" 665
"D:/GameJams/2MinHorror/TwoMinHorror_/Content/Assets/Materials/GenericMaterials/MI_plastic_2.uasset" 666
"D:/GameJams/2MinHorror/TwoMinHorror_/Content/Assets/Audio/SFX/SFX_SwitchONOFF.uasset" 667
"D:/GameJams/2MinHorror/TwoMinHorror_/Content/Assets/Audio/VoiceOvers/Nikki/4-_And_left_the_TV_on.uasset" 668
"D:/GameJams/2MinHorror/TwoMinHorror_/Content/Assets/Materials/Textures/Computer/T_Computer_A.uasset" 669
"D:/GameJams/2MinHorror/TwoMinHorror_/Content/Assets/Materials/Textures/Computer/T_Computer_AO.uasset" 670
"D:/GameJams/2MinHorror/TwoMinHorror_/Content/Assets/Materials/Textures/Computer/T_Computer_MSRD.uasset" 671
"D:/GameJams/2MinHorror/TwoMinHorror_/Content/Assets/Materials/Textures/Computer/T_Computer_N.uasset" 672
"D:/GameJams/2MinHorror/TwoMinHorror_/Content/Assets/Materials/GenericMaterials/MI_Computer.uasset" 673
"D:/GameJams/2MinHorror/TwoMinHorror_/Content/Assets/Meshes/Environment/Props/SM_TV.uasset" 674
"D:/GameJams/2MinHorror/TwoMinHorror_/Content/Blueprints/Actors/Interactive/TV_BP.uasset" 675
"D:/GameJams/2MinHorror/TwoMinHorror_/Content/Blueprints/Actors/Helpers/ObjectCollector_BP.uasset" 676
"D:/GameJams/2MinHorror/TwoMinHorror_/Content/Blueprints/GameModes/BaseGameMode.uasset" 677
"D:/GameJams/2MinHorror/TwoMinHorror_/Content/Blueprints/Materials/WetnessHandler_BP.uasset" 678
"D:/GameJams/2MinHorror/TwoMinHorror_/Content/NaturePackage/Meshes/RescaledFlora/Grass1_02.uasset" 679
"D:/GameJams/2MinHorror/TwoMinHorror_/Content/NaturePackage/Meshes/RescaledFlora/Grass1_02_FoliageType.uasset" 680
"D:/GameJams/2MinHorror/TwoMinHorror_/Content/NaturePackage/Meshes/RescaledFlora/Grass1_04.uasset" 681
"D:/GameJams/2MinHorror/TwoMinHorror_/Content/NaturePackage/Meshes/RescaledFlora/Grass1_04_FoliageType.uasset" 682
"D:/GameJams/2MinHorror/TwoMinHorror_/Content/Levels/HomeLevel_Persistent_BuiltData.uasset" 683
"../../../Engine/Content/Functions/Engine_MaterialFunctions03/Math/RemapValueRange.uasset" 684
"D:/GameJams/2MinHorror/TwoMinHorror_/Content/Assets/Materials/PostProcess/FogOfWar/PP_Fogofwar.uasset" 685
"D:/GameJams/2MinHorror/TwoMinHorror_/Content/Assets/Materials/PostProcess/FogOfWar/PP_Fogofwar_Inst.uasset" 686
"D:/GameJams/2MinHorror/TwoMinHorror_/Content/Assets/Materials/PostProcess/M_Flipbook_Inst.uasset" 687
"../../../Engine/Content/EngineResources/AICON-Green.uasset" 688
"D:/GameJams/2MinHorror/TwoMinHorror_/Content/Assets/Audio/SFX/SFX_CeilingFan.uasset" 689
"D:/GameJams/2MinHorror/TwoMinHorror_/Content/Assets/Audio/SFX/SFX_CeilingFan_Cue.uasset" 690
"D:/GameJams/2MinHorror/TwoMinHorror_/Content/Assets/Audio/SFX/SFX_NightAmbience.uasset" 691
"D:/GameJams/2MinHorror/TwoMinHorror_/Content/Assets/Audio/SFX/SFX_NightAmbience_Cue.uasset" 692
"D:/GameJams/2MinHorror/TwoMinHorror_/Content/Assets/Audio/SFX/SFX_Refridgerator.uasset" 693
"D:/GameJams/2MinHorror/TwoMinHorror_/Content/Assets/Audio/SFX/SFX_Refridgerator_Cue.uasset" 694
"D:/GameJams/2MinHorror/TwoMinHorror_/Content/Assets/Materials/Textures/LUT/RGBTable16x1.uasset" 695
"D:/GameJams/2MinHorror/TwoMinHorror_/Content/Assets/Materials/Textures/Sofa/T_Sofa_A.uasset" 696
"D:/GameJams/2MinHorror/TwoMinHorror_/Content/Assets/Materials/Textures/Sofa/T_Sofa_AO.uasset" 697
"D:/GameJams/2MinHorror/TwoMinHorror_/Content/Assets/Materials/Textures/Sofa/T_Sofa_MSRD.uasset" 698
"D:/GameJams/2MinHorror/TwoMinHorror_/Content/Assets/Materials/Textures/Sofa/T_Sofa_N.uasset" 699
"D:/GameJams/2MinHorror/TwoMinHorror_/Content/Assets/Materials/GenericMaterials/MI_Sofa.uasset" 700
"D:/GameJams/2MinHorror/TwoMinHorror_/Content/Assets/Meshes/Environment/Props/SM_ArmChair.uasset" 701
"D:/GameJams/2MinHorror/TwoMinHorror_/Content/Assets/Materials/Textures/Bed_01/T_Bed_01_A.uasset" 702
"D:/GameJams/2MinHorror/TwoMinHorror_/Content/Assets/Materials/Textures/Bed_01/T_Bed_01_AO.uasset" 703
"D:/GameJams/2MinHorror/TwoMinHorror_/Content/Assets/Materials/Textures/Bed_01/T_Bed_01_MSRD.uasset" 704
"D:/GameJams/2MinHorror/TwoMinHorror_/Content/Assets/Materials/Textures/Bed_01/T_Bed_01_N.uasset" 705
"D:/GameJams/2MinHorror/TwoMinHorror_/Content/Assets/Materials/GenericMaterials/MI_Bed.uasset" 706
"D:/GameJams/2MinHorror/TwoMinHorror_/Content/Assets/Meshes/Environment/Props/SM_Bed.uasset" 707
"D:/GameJams/2MinHorror/TwoMinHorror_/Content/Assets/Materials/Textures/Bat/T_Bat_AO.uasset" 708
"D:/GameJams/2MinHorror/TwoMinHorror_/Content/Assets/Materials/Textures/Bat/T_Bat_MSRD.uasset" 709
"D:/GameJams/2MinHorror/TwoMinHorror_/Content/Assets/Materials/Textures/Bat/T_Bat_N.uasset" 710
"D:/GameJams/2MinHorror/TwoMinHorror_/Content/Assets/Materials/Textures/bOOK/T_Book_A.uasset" 711
"D:/GameJams/2MinHorror/TwoMinHorror_/Content/Assets/Materials/GenericMaterials/MI_Bat_2.uasset" 712
"D:/GameJams/2MinHorror/TwoMinHorror_/Content/Assets/Meshes/Environment/Props/SM_Book.uasset" 713
"D:/GameJams/2MinHorror/TwoMinHorror_/Content/Assets/Materials/Textures/CardBoard/T_CardBoard_A.uasset" 714
"D:/GameJams/2MinHorror/TwoMinHorror_/Content/Assets/Materials/Textures/CardBoard/T_CardBoard_AO.uasset" 715
"D:/GameJams/2MinHorror/TwoMinHorror_/Content/Assets/Materials/Textures/CardBoard/T_CardBoard_MSR.uasset" 716
"D:/GameJams/2MinHorror/TwoMinHorror_/Content/Assets/Materials/Textures/CardBoard/T_CardBoard_N.uasset" 717
"D:/GameJams/2MinHorror/TwoMinHorror_/Content/Assets/Materials/GenericMaterials/MI_CardBoard.uasset" 718
"D:/GameJams/2MinHorror/TwoMinHorror_/Content/Assets/Meshes/Environment/Props/SM_CardboardBox_01.uasset" 719
"D:/GameJams/2MinHorror/TwoMinHorror_/Content/Assets/Materials/Textures/Crome_01/T_Crome_01_A.uasset" 720
"D:/GameJams/2MinHorror/TwoMinHorror_/Content/Assets/Materials/Textures/Crome_01/T_Crome_01_MSRD.uasset" 721
"D:/GameJams/2MinHorror/TwoMinHorror_/Content/Assets/Materials/GenericMaterials/MI_Crome_01.uasset" 722
"D:/GameJams/2MinHorror/TwoMinHorror_/Content/Assets/Materials/Textures/CurtainFabric/T_CurtainFabric_A.uasset" 723
"D:/GameJams/2MinHorror/TwoMinHorror_/Content/Assets/Materials/Textures/CurtainFabric/T_CurtainFabric_MSRD.uasset" 724
"D:/GameJams/2MinHorror/TwoMinHorror_/Content/Assets/Materials/GenericMaterials/MI_CurtainFabric.uasset" 725
"D:/GameJams/2MinHorror/TwoMinHorror_/Content/Assets/Meshes/Environment/Props/SM_Curtains_01.uasset" 726
"D:/GameJams/2MinHorror/TwoMinHorror_/Content/Assets/Materials/Textures/Doormat/T_DoorMat_A.uasset" 727
"D:/GameJams/2MinHorror/TwoMinHorror_/Content/Assets/Materials/Textures/Doormat/T_DoorMat_AO.uasset" 728
"D:/GameJams/2MinHorror/TwoMinHorror_/Content/Assets/Materials/Textures/Doormat/T_DoorMat_MSRD.uasset" 729
"D:/GameJams/2MinHorror/TwoMinHorror_/Content/Assets/Materials/Textures/Doormat/T_DoorMat_N.uasset" 730
"D:/GameJams/2MinHorror/TwoMinHorror_/Content/Assets/Materials/GenericMaterials/MI_DoorMat.uasset" 731
"D:/GameJams/2MinHorror/TwoMinHorror_/Content/Assets/Meshes/Environment/Props/SM_DoorMat.uasset" 732
"D:/GameJams/2MinHorror/TwoMinHorror_/Content/Assets/Materials/Textures/DressingChest/T_Chest_01_A.uasset" 733
"D:/GameJams/2MinHorror/TwoMinHorror_/Content/Assets/Materials/Textures/DressingChest/T_Chest_01_MSRD.uasset" 734
"D:/GameJams/2MinHorror/TwoMinHorror_/Content/Assets/Materials/GenericMaterials/MI_DressingChest.uasset" 735
"D:/GameJams/2MinHorror/TwoMinHorror_/Content/Assets/Materials/Textures/Generic/MSRD.uasset" 736
"D:/GameJams/2MinHorror/TwoMinHorror_/Content/Assets/Materials/GenericMaterials/MI_Mirror.uasset" 737
"D:/GameJams/2MinHorror/TwoMinHorror_/Content/Assets/Meshes/Environment/Props/SM_DressingChest.uasset" 738
"D:/GameJams/2MinHorror/TwoMinHorror_/Content/Assets/Materials/Textures/Brushmetal_01/T_BrushMetal_A.uasset" 739
"D:/GameJams/2MinHorror/TwoMinHorror_/Content/Assets/Materials/Textures/Brushmetal_01/T_BrushMetal_MSRD.uasset" 740
"D:/GameJams/2MinHorror/TwoMinHorror_/Content/Assets/Materials/GenericMaterials/MI_BrushMetal_01.uasset" 741
"D:/GameJams/2MinHorror/TwoMinHorror_/Content/Assets/Meshes/Environment/Props/SM_Lamp.uasset" 742
"D:/GameJams/2MinHorror/TwoMinHorror_/Content/Assets/Materials/Textures/MI_PcChair/T_PcChair_A.uasset" 743
"D:/GameJams/2MinHorror/TwoMinHorror_/Content/Assets/Materials/Textures/MI_PcChair/T_PcChair_MSRD.uasset" 744
"D:/GameJams/2MinHorror/TwoMinHorror_/Content/Assets/Materials/Textures/MI_PcChair/T_PcChair_N.uasset" 745
"D:/GameJams/2MinHorror/TwoMinHorror_/Content/Assets/Materials/GenericMaterials/MI_PcChair.uasset" 746
"D:/GameJams/2MinHorror/TwoMinHorror_/Content/Assets/Meshes/Environment/Props/SM_PcChair.uasset" 747
"D:/GameJams/2MinHorror/TwoMinHorror_/Content/Assets/Materials/Textures/Pc_Table/T_PcTable_A.uasset" 748
"D:/GameJams/2MinHorror/TwoMinHorror_/Content/Assets/Materials/Textures/Pc_Table/T_PcTable_MSRD.uasset" 749
"D:/GameJams/2MinHorror/TwoMinHorror_/Content/Assets/Materials/Textures/Pc_Table/T_PcTable_N.uasset" 750
"D:/GameJams/2MinHorror/TwoMinHorror_/Content/Assets/Materials/GenericMaterials/MI_PcTable.uasset" 751
"D:/GameJams/2MinHorror/TwoMinHorror_/Content/Assets/Meshes/Environment/Props/SM_PcTable.uasset" 752
"D:/GameJams/2MinHorror/TwoMinHorror_/Content/Assets/Materials/Textures/Generic/PHONE.uasset" 753
"D:/GameJams/2MinHorror/TwoMinHorror_/Content/Assets/Materials/GenericMaterials/MI_Crome_2.uasset" 754
"D:/GameJams/2MinHorror/TwoMinHorror_/Content/Assets/Meshes/Environment/Props/SM_Phone.uasset" 755
"D:/GameJams/2MinHorror/TwoMinHorror_/Content/Assets/Materials/Textures/PhotoFrame/T_PhotoFrame_A.uasset" 756
"D:/GameJams/2MinHorror/TwoMinHorror_/Content/Assets/Materials/Textures/PhotoFrame/T_PhotoFrame_MSR.uasset" 757
"D:/GameJams/2MinHorror/TwoMinHorror_/Content/Assets/Materials/GenericMaterials/MI_Photo.uasset" 758
"D:/GameJams/2MinHorror/TwoMinHorror_/Content/Assets/Meshes/Environment/Props/SM_PhotoFrame.uasset" 759
"D:/GameJams/2MinHorror/TwoMinHorror_/Content/Assets/Materials/Textures/KitchenUtilites/T_KitchenUtilties_A.uasset" 760
"D:/GameJams/2MinHorror/TwoMinHorror_/Content/Assets/Materials/Textures/KitchenUtilites/T_KitchenUtilties_AO.uasset" 761
"D:/GameJams/2MinHorror/TwoMinHorror_/Content/Assets/Materials/Textures/KitchenUtilites/T_KitchenUtilties_MSRD.uasset" 762
"D:/GameJams/2MinHorror/TwoMinHorror_/Content/Assets/Materials/Textures/KitchenUtilites/T_KitchenUtilties_N.uasset" 763
"D:/GameJams/2MinHorror/TwoMinHorror_/Content/Assets/Materials/GenericMaterials/MI_KitchenUtilies.uasset" 764
"D:/GameJams/2MinHorror/TwoMinHorror_/Content/Assets/Meshes/Environment/Props/SM_Plate.uasset" 765
"D:/GameJams/2MinHorror/TwoMinHorror_/Content/Assets/Meshes/Environment/Props/SM_Sofa.uasset" 766
"D:/GameJams/2MinHorror/TwoMinHorror_/Content/Assets/Meshes/Environment/Props/SM_Stool.uasset" 767
"D:/GameJams/2MinHorror/TwoMinHorror_/Content/Assets/Meshes/Environment/Props/SM_TeaTable.uasset" 768
"D:/GameJams/2MinHorror/TwoMinHorror_/Content/Assets/Materials/GenericMaterials/MI_plastic_01.uasset" 769
"D:/GameJams/2MinHorror/TwoMinHorror_/Content/Assets/Meshes/Environment/Props/SM_Trolly.uasset" 770
"D:/GameJams/2MinHorror/TwoMinHorror_/Content/Assets/Materials/Textures/Gold/T_Gold_A.uasset" 771
"D:/GameJams/2MinHorror/TwoMinHorror_/Content/Assets/Materials/Textures/Gold/T_Gold_MSR.uasset" 772
"D:/GameJams/2MinHorror/TwoMinHorror_/Content/Assets/Materials/GenericMaterials/MI_Gold.uasset" 773
"D:/GameJams/2MinHorror/TwoMinHorror_/Content/Assets/Meshes/Environment/Props/SM_Trophy_01.uasset" 774
"D:/GameJams/2MinHorror/TwoMinHorror_/Content/Assets/Meshes/Environment/Props/SM_Trophy_02.uasset" 775
"D:/GameJams/2MinHorror/TwoMinHorror_/Content/Assets/Materials/GenericMaterials/MI_BrushMetal_2.uasset" 776
"D:/GameJams/2MinHorror/TwoMinHorror_/Content/Assets/Meshes/Environment/Props/SM_Trunk_01.uasset" 777
"D:/GameJams/2MinHorror/TwoMinHorror_/Content/Assets/Meshes/Environment/Props/SM_TubeLight_01.uasset" 778
"D:/GameJams/2MinHorror/TwoMinHorror_/Content/Assets/Meshes/Environment/Props/SM_TvShelf.uasset" 779
"D:/GameJams/2MinHorror/TwoMinHorror_/Content/Assets/Meshes/Environment/Props/SM_WallLamp.uasset" 780
"D:/GameJams/2MinHorror/TwoMinHorror_/Content/Assets/Meshes/Environment/Props/SM_WallShelf.uasset" 781
"D:/GameJams/2MinHorror/TwoMinHorror_/Content/Assets/Props/Interactive/SM_INT_Glass_01.uasset" 782
"D:/GameJams/2MinHorror/TwoMinHorror_/Content/Levels/HomeLevel_Persistent.umap" 783
"D:/GameJams/2MinHorror/TwoMinHorror_/Content/Assets/Materials/BaseMaterial/M_RingingPhone.uasset" 784
"D:/GameJams/2MinHorror/TwoMinHorror_/Content/Assets/Materials/GenericMaterials/MI_Phone.uasset" 785
"D:/GameJams/2MinHorror/TwoMinHorror_/Content/Levels/SAGAR_HomeLevel_Persistent.umap" 786
"D:/GameJams/2MinHorror/TwoMinHorror_/Content/Blueprints/Actors/Helpers/Lerp_BP.uasset" 787
"D:/GameJams/2MinHorror/TwoMinHorror_/Content/Assets/Materials/Textures/Whitemarble_01/T_WhiteMarble_01_A.uasset" 788
"D:/GameJams/2MinHorror/TwoMinHorror_/Content/Assets/Materials/Textures/Whitemarble_01/T_WhiteMarble_01_MSRA.uasset" 789
"D:/GameJams/2MinHorror/TwoMinHorror_/Content/Assets/Materials/GenericMaterials/MI_Whitemarble_02.uasset" 790
"D:/GameJams/2MinHorror/TwoMinHorror_/Content/Assets/Audio/SFX/SFX_GlassDrop.uasset" 791
"D:/GameJams/2MinHorror/TwoMinHorror_/Content/Assets/Audio/SFX/SFX_SuddenStomping.uasset" 792
"D:/GameJams/2MinHorror/TwoMinHorror_/Content/Assets/Materials/Textures/MI_WaterPurifire/T_WaterPurifire_A.uasset" 793
"D:/GameJams/2MinHorror/TwoMinHorror_/Content/Assets/Materials/Textures/MI_WaterPurifire/T_WaterPurifire_AO.uasset" 794
"D:/GameJams/2MinHorror/TwoMinHorror_/Content/Assets/Materials/Textures/MI_WaterPurifire/T_WaterPurifire_MSRD.uasset" 795
"D:/GameJams/2MinHorror/TwoMinHorror_/Content/Assets/Materials/Textures/MI_WaterPurifire/T_WaterPurifire_N.uasset" 796
"D:/GameJams/2MinHorror/TwoMinHorror_/Content/Assets/Materials/GenericMaterials/MI_WaterPurifire.uasset" 797
"D:/GameJams/2MinHorror/TwoMinHorror_/Content/Assets/Meshes/Environment/Props/SM_WaterPurifire.uasset" 798
"D:/GameJams/2MinHorror/TwoMinHorror_/Content/Assets/Meshes/Environment/Props/waterglass_sa.uasset" 799
"D:/GameJams/2MinHorror/TwoMinHorror_/Content/Blueprints/Actors/Interactive/WaterDispenser.uasset" 800
"D:/GameJams/2MinHorror/TwoMinHorror_/Content/Assets/Audio/VoiceOvers/Nikki/5-_Dad_s_favorite_bat.uasset" 801
"D:/GameJams/2MinHorror/TwoMinHorror_/Content/Assets/Materials/Textures/Bat/T_Bat_A.uasset" 802
"D:/GameJams/2MinHorror/TwoMinHorror_/Content/Assets/Materials/GenericMaterials/MI_Bat.uasset" 803
"D:/GameJams/2MinHorror/TwoMinHorror_/Content/Assets/Props/Interactive/SM_INT_Bat_01.uasset" 804
"D:/GameJams/2MinHorror/TwoMinHorror_/Content/Blueprints/Actors/Interactive/CricketBat_BP.uasset" 805
"D:/GameJams/2MinHorror/TwoMinHorror_/Content/Assets/Audio/VoiceOvers/Nikki/14-_Artbook_Reaction.uasset" 806
"D:/GameJams/2MinHorror/TwoMinHorror_/Content/Blueprints/Actors/Interactive/DrawingBook_BP.uasset" 807
"D:/GameJams/2MinHorror/TwoMinHorror_/Content/Assets/Audio/VoiceOvers/Nikki/6-_Report_card_Reaction.uasset" 808
"D:/GameJams/2MinHorror/TwoMinHorror_/Content/Assets/Materials/Textures/ReportCard_01/T_ReportCard_BC.uasset" 809
"D:/GameJams/2MinHorror/TwoMinHorror_/Content/Assets/Materials/GenericMaterials/MI_ReportCard_01.uasset" 810
"D:/GameJams/2MinHorror/TwoMinHorror_/Content/Assets/Props/Interactive/SM_INT_ReportCard_01.uasset" 811
"D:/GameJams/2MinHorror/TwoMinHorror_/Content/Blueprints/Actors/Interactive/ReportCard_BP.uasset" 812
"D:/GameJams/2MinHorror/TwoMinHorror_/Content/Levels/LevelLayers/Actors_Persistent_BuiltData.uasset" 813
"D:/GameJams/2MinHorror/TwoMinHorror_/Content/Assets/Audio/VoiceOvers/Nikki/12-_That_s_not_where_I_ll_get_water_to_drink.uasset" 814
"D:/GameJams/2MinHorror/TwoMinHorror_/Content/Assets/Audio/VoiceOvers/Nikki/24-_Dialogue_Bathroom.uasset" 815
"D:/GameJams/2MinHorror/TwoMinHorror_/Content/Assets/Audio/VoiceOvers/Nikki/25-_Dialogue_ParentsBedroom.uasset" 816
"D:/GameJams/2MinHorror/TwoMinHorror_/Content/Levels/LevelLayers/Actors_Persistent.umap" 817
"D:/GameJams/2MinHorror/TwoMinHorror_/Content/Levels/LevelLayers/ArtificialLights_BuiltData.uasset" 818
"D:/GameJams/2MinHorror/TwoMinHorror_/Content/Levels/LevelLayers/ArtificialLights.umap" 819
"D:/GameJams/2MinHorror/TwoMinHorror_/Content/Levels/LevelLayers/CineSequences_BuiltData.uasset" 820
"D:/GameJams/2MinHorror/TwoMinHorror_/Content/Levels/LevelLayers/CineSequences.umap" 821
"D:/GameJams/2MinHorror/TwoMinHorror_/Content/Levels/LevelLayers/Interior_BuiltData.uasset" 822
"D:/GameJams/2MinHorror/TwoMinHorror_/Content/Assets/Materials/GenericMaterials/MI_FrozenGlass.uasset" 823
"D:/GameJams/2MinHorror/TwoMinHorror_/Content/Assets/Materials/GenericMaterials/MI_WallPlaster_02.uasset" 824
"D:/GameJams/2MinHorror/TwoMinHorror_/Content/Assets/Materials/GenericMaterials/MI_WallPlaster_05.uasset" 825
"D:/GameJams/2MinHorror/TwoMinHorror_/Content/Assets/Materials/GenericMaterials/MI_Whitemarble_01.uasset" 826
"D:/GameJams/2MinHorror/TwoMinHorror_/Content/Assets/Meshes/Environment/Structures/SM_House_Floor_01.uasset" 827
"D:/GameJams/2MinHorror/TwoMinHorror_/Content/Assets/Materials/GenericMaterials/MI_WallPlaster_04.uasset" 828
"D:/GameJams/2MinHorror/TwoMinHorror_/Content/Assets/Meshes/Environment/Structures/SM_House_MasterWall_01.uasset" 829
"D:/GameJams/2MinHorror/TwoMinHorror_/Content/Assets/Meshes/Environment/Structures/SM_House_PartitionWall_02.uasset" 830
"D:/GameJams/2MinHorror/TwoMinHorror_/Content/Assets/Materials/Textures/Paintedmetal_01/T_PaintedMetal_01_AO.uasset" 831
"D:/GameJams/2MinHorror/TwoMinHorror_/Content/Assets/Materials/Textures/PaintedMetal_02/T_PaintedMetal_02_A.uasset" 832
"D:/GameJams/2MinHorror/TwoMinHorror_/Content/Assets/Materials/Textures/PaintedMetal_02/T_PaintedMetal_02_MSRD.uasset" 833
"D:/GameJams/2MinHorror/TwoMinHorror_/Content/Assets/Materials/Textures/PaintedMetal_02/T_PaintedMetal_02_N.uasset" 834
"D:/GameJams/2MinHorror/TwoMinHorror_/Content/Assets/Materials/GenericMaterials/MI_PaintedMetal_02.uasset" 835
"D:/GameJams/2MinHorror/TwoMinHorror_/Content/Assets/Meshes/Environment/Structures/SM_House_SlidingWindow_01.uasset" 836
"D:/GameJams/2MinHorror/TwoMinHorror_/Content/Assets/Materials/Textures/Stairs_01/T_Stairs_01_A.uasset" 837
"D:/GameJams/2MinHorror/TwoMinHorror_/Content/Assets/Materials/Textures/Stairs_01/T_Stairs_01_AO.uasset" 838
"D:/GameJams/2MinHorror/TwoMinHorror_/Content/Assets/Materials/Textures/Stairs_01/T_Stairs_01_MSRD.uasset" 839
"D:/GameJams/2MinHorror/TwoMinHorror_/Content/Assets/Materials/Textures/Stairs_01/T_Stairs_01_N.uasset" 840
"D:/GameJams/2MinHorror/TwoMinHorror_/Content/Assets/Materials/GenericMaterials/MI_Stairs_01.uasset" 841
"D:/GameJams/2MinHorror/TwoMinHorror_/Content/Assets/Meshes/Environment/Structures/SM_House_StaircaseFloor_01.uasset" 842
"D:/GameJams/2MinHorror/TwoMinHorror_/Content/Assets/Meshes/Environment/Structures/SM_House_Window_02.uasset" 843
"D:/GameJams/2MinHorror/TwoMinHorror_/Content/Levels/LevelLayers/Interior.umap" 844
"D:/GameJams/2MinHorror/TwoMinHorror_/Content/Levels/LevelLayers/LSVolumes.umap" 845
"D:/GameJams/2MinHorror/TwoMinHorror_/Content/Levels/LevelLayers/RoomNikki_BuiltData.uasset" 846
"D:/GameJams/2MinHorror/TwoMinHorror_/Content/Assets/Materials/Textures/Generic/RainDrop.uasset" 847
"D:/GameJams/2MinHorror/TwoMinHorror_/Content/Assets/Materials/Decals/M_Decals.uasset" 848
"D:/GameJams/2MinHorror/TwoMinHorror_/Content/Assets/Materials/Decals/WallDecals/M_Decals_Inst.uasset" 849
"D:/GameJams/2MinHorror/TwoMinHorror_/Content/Assets/Materials/Decals/WallDecals/M_Decals_Inst1.uasset" 850
"D:/GameJams/2MinHorror/TwoMinHorror_/Content/Assets/Materials/Decals/WallDecals/M_Decals_Inst2.uasset" 851
"D:/GameJams/2MinHorror/TwoMinHorror_/Content/Assets/Materials/Decals/WallDecals/M_Stripe.uasset" 852
"D:/GameJams/2MinHorror/TwoMinHorror_/Content/Assets/Meshes/Environment/Structures/SM_House_PartitionWall_01.uasset" 853
"D:/GameJams/2MinHorror/TwoMinHorror_/Content/Assets/Meshes/Environment/Structures/SM_House_Window_01.uasset" 854
"D:/GameJams/2MinHorror/TwoMinHorror_/Content/Levels/LevelLayers/RoomNikki.umap" 855
"D:/GameJams/2MinHorror/TwoMinHorror_/Content/Levels/LevelLayers/Terrace_BuiltData.uasset" 856
"D:/GameJams/2MinHorror/TwoMinHorror_/Content/Assets/Materials/Textures/GraniteTile_01/T_GraniteTile_01_A.uasset" 857
"D:/GameJams/2MinHorror/TwoMinHorror_/Content/Assets/Materials/Textures/GraniteTile_01/T_GraniteTile_01_AO.uasset" 858
"D:/GameJams/2MinHorror/TwoMinHorror_/Content/Assets/Materials/Textures/GraniteTile_01/T_GraniteTile_01_MSRD.uasset" 859
"D:/GameJams/2MinHorror/TwoMinHorror_/Content/Assets/Materials/Textures/GraniteTile_01/T_GraniteTile_01_N.uasset" 860
"D:/GameJams/2MinHorror/TwoMinHorror_/Content/Assets/Materials/GenericMaterials/MI_GraniteTiles_01.uasset" 861
"D:/GameJams/2MinHorror/TwoMinHorror_/Content/Assets/Materials/GenericMaterials/MI_WallPlaster_06.uasset" 862
"D:/GameJams/2MinHorror/TwoMinHorror_/Content/Assets/Meshes/Environment/Structures/SM_House_Floor_02.uasset" 863
"D:/GameJams/2MinHorror/TwoMinHorror_/Content/Assets/Materials/Textures/PlasterOld_01/T_PlasterOld_01_A.uasset" 864
"D:/GameJams/2MinHorror/TwoMinHorror_/Content/Assets/Materials/Textures/PlasterOld_01/T_PlasterOld_01_MSRD.uasset" 865
"D:/GameJams/2MinHorror/TwoMinHorror_/Content/Assets/Materials/Textures/PlasterOld_01/T_PlasterOld_01_N.uasset" 866
"D:/GameJams/2MinHorror/TwoMinHorror_/Content/Assets/Materials/GenericMaterials/MI_PlasterOld_01.uasset" 867
"D:/GameJams/2MinHorror/TwoMinHorror_/Content/Assets/Meshes/Environment/Structures/SM_House_MasterWall_02.uasset" 868
"D:/GameJams/2MinHorror/TwoMinHorror_/Content/Assets/Materials/Textures/Paintedmetal_01/T_PaintedMetal_01_A.uasset" 869
"D:/GameJams/2MinHorror/TwoMinHorror_/Content/Assets/Materials/Textures/Paintedmetal_01/T_PaintedMetal_01_MSRD.uasset" 870
"D:/GameJams/2MinHorror/TwoMinHorror_/Content/Assets/Materials/Textures/Paintedmetal_01/T_PaintedMetal_01_N.uasset" 871
"D:/GameJams/2MinHorror/TwoMinHorror_/Content/Assets/Materials/GenericMaterials/MI_PaintedMetal_01.uasset" 872
"D:/GameJams/2MinHorror/TwoMinHorror_/Content/Assets/Materials/Textures/PlasterDamaged_01/T_PlasterDamaged_01_A.uasset" 873
"D:/GameJams/2MinHorror/TwoMinHorror_/Content/Assets/Materials/Textures/PlasterDamaged_01/T_PlasterDamaged_01_MSRD.uasset" 874
"D:/GameJams/2MinHorror/TwoMinHorror_/Content/Assets/Materials/Textures/PlasterDamaged_01/T_PlasterDamaged_01_N.uasset" 875
"D:/GameJams/2MinHorror/TwoMinHorror_/Content/Assets/Materials/GenericMaterials/MI_PlasterDamaged_01.uasset" 876
"D:/GameJams/2MinHorror/TwoMinHorror_/Content/Assets/Meshes/Environment/Structures/SM_House_Railings_01.uasset" 877
"D:/GameJams/2MinHorror/TwoMinHorror_/Content/Assets/Materials/GenericMaterials/MI_WallPlaster_01.uasset" 878
"D:/GameJams/2MinHorror/TwoMinHorror_/Content/Assets/Meshes/Environment/Structures/SM_House_Roof_01.uasset" 879
"D:/GameJams/2MinHorror/TwoMinHorror_/Content/Assets/Meshes/Environment/Structures/SM_House_Waterpipes_01.uasset" 880
"D:/GameJams/2MinHorror/TwoMinHorror_/Content/Assets/Meshes/Environment/Structures/SM_House_WaterTanks_01.uasset" 881
"D:/GameJams/2MinHorror/TwoMinHorror_/Content/Levels/LevelLayers/Terrace.umap" 882
"D:/GameJams/2MinHorror/TwoMinHorror_/Content/NaturePackage/Meshes/RescaledFlora/Tree06.uasset" 883
"D:/GameJams/2MinHorror/TwoMinHorror_/Content/NaturePackage/Meshes/RescaledFlora/Tree06_2.uasset" 884
"D:/GameJams/2MinHorror/TwoMinHorror_/Content/Levels/LevelLayers/Members/Lighting_INT.umap" 885
"D:/GameJams/2MinHorror/TwoMinHorror_/Content/Levels/LevelLayers/Members/Pawas_BuiltData.uasset" 886
"D:/GameJams/2MinHorror/TwoMinHorror_/Content/Levels/LevelLayers/Members/Pawas.umap" 887
"D:/GameJams/2MinHorror/TwoMinHorror_/Content/Levels/LevelLayers/Members/Soumya_BuiltData.uasset" 888
"D:/GameJams/2MinHorror/TwoMinHorror_/Content/Assets/Materials/GenericMaterials/MI_WallPlaster_8.uasset" 889
"../../../Engine/Content/BasicShapes/Plane.uasset" 890
"D:/GameJams/2MinHorror/TwoMinHorror_/Content/Assets/Meshes/Environment/Props/SM_Antena.uasset" 891
"D:/GameJams/2MinHorror/TwoMinHorror_/Content/Assets/Meshes/Environment/Props/SM_Bowl.uasset" 892
"D:/GameJams/2MinHorror/TwoMinHorror_/Content/Assets/Meshes/Environment/Props/SM_ChoppingBraord.uasset" 893
"D:/GameJams/2MinHorror/TwoMinHorror_/Content/Assets/Materials/Textures/DiningTable/T_ChairCushion_A.uasset" 894
"D:/GameJams/2MinHorror/TwoMinHorror_/Content/Assets/Materials/Textures/DiningTable/T_ChairCushion_MSRD.uasset" 895
"D:/GameJams/2MinHorror/TwoMinHorror_/Content/Assets/Materials/Textures/DiningTable/T_ChairCushion_N.uasset" 896
"D:/GameJams/2MinHorror/TwoMinHorror_/Content/Assets/Materials/GenericMaterials/MI_ChairCushion.uasset" 897
"D:/GameJams/2MinHorror/TwoMinHorror_/Content/Assets/Meshes/Environment/Props/SM_DiningChair.uasset" 898
"D:/GameJams/2MinHorror/TwoMinHorror_/Content/Assets/Meshes/Environment/Props/SM_DiningTable.uasset" 899
"D:/GameJams/2MinHorror/TwoMinHorror_/Content/Assets/Materials/GenericMaterials/MI_WallPlaster_6.uasset" 900
"D:/GameJams/2MinHorror/TwoMinHorror_/Content/Assets/Meshes/Environment/Props/SM_FLowerTub.uasset" 901
"D:/GameJams/2MinHorror/TwoMinHorror_/Content/Assets/Materials/Textures/KitchenSet/T_KitchenSet_A.uasset" 902
"D:/GameJams/2MinHorror/TwoMinHorror_/Content/Assets/Materials/Textures/KitchenSet/T_KitchenSet_MSRD.uasset" 903
"D:/GameJams/2MinHorror/TwoMinHorror_/Content/Assets/Materials/GenericMaterials/MI_KitchenSet.uasset" 904
"D:/GameJams/2MinHorror/TwoMinHorror_/Content/Assets/Meshes/Environment/Props/SM_KitchenSet.uasset" 905
"D:/GameJams/2MinHorror/TwoMinHorror_/Content/Assets/Meshes/Environment/Props/SM_Knife.uasset" 906
"D:/GameJams/2MinHorror/TwoMinHorror_/Content/Assets/Materials/Textures/TreatedMetal/T_TreatedMetal_A.uasset" 907
"D:/GameJams/2MinHorror/TwoMinHorror_/Content/Assets/Materials/Textures/TreatedMetal/T_TreatedMetal_MSR.uasset" 908
"D:/GameJams/2MinHorror/TwoMinHorror_/Content/Assets/Materials/GenericMaterials/MI_TreatedMetal.uasset" 909
"D:/GameJams/2MinHorror/TwoMinHorror_/Content/Assets/Meshes/Environment/Props/SM_Ladder.uasset" 910
"D:/GameJams/2MinHorror/TwoMinHorror_/Content/Assets/Meshes/Environment/Props/SM_Pot.uasset" 911
"D:/GameJams/2MinHorror/TwoMinHorror_/Content/Assets/Meshes/Environment/Props/SM_Refrigerator.uasset" 912
"D:/GameJams/2MinHorror/TwoMinHorror_/Content/Assets/Materials/GenericMaterials/MI_LIght_102.uasset" 913
"D:/GameJams/2MinHorror/TwoMinHorror_/Content/Assets/Meshes/Environment/Props/SM_Shade.uasset" 914
"D:/GameJams/2MinHorror/TwoMinHorror_/Content/Assets/Meshes/Environment/Props/SM_Stove.uasset" 915
"D:/GameJams/2MinHorror/TwoMinHorror_/Content/Assets/Meshes/Environment/Structures/SM_House_Window_03.uasset" 916
"D:/GameJams/2MinHorror/TwoMinHorror_/Content/NaturePackage/Meshes/RescaledFlora/Tree02_2.uasset" 917
"D:/GameJams/2MinHorror/TwoMinHorror_/Content/NaturePackage/Meshes/RescaledFlora/Tree07.uasset" 918
"D:/GameJams/2MinHorror/TwoMinHorror_/Content/NaturePackage/Meshes/RescaledFlora/Tree08_2.uasset" 919
"D:/GameJams/2MinHorror/TwoMinHorror_/Content/NaturePackage/Textures/flora/Zont_D.uasset" 920
"D:/GameJams/2MinHorror/TwoMinHorror_/Content/NaturePackage/Textures/flora/Zont_N.uasset" 921
"D:/GameJams/2MinHorror/TwoMinHorror_/Content/NaturePackage/Materials/flora/Zont.uasset" 922
"D:/GameJams/2MinHorror/TwoMinHorror_/Content/NaturePackage/Meshes/RescaledFlora/zont1.uasset" 923
"D:/GameJams/2MinHorror/TwoMinHorror_/Content/NaturePackage/Meshes/RescaledFlora/zont2.uasset" 924
"D:/GameJams/2MinHorror/TwoMinHorror_/Content/Levels/LevelLayers/Members/Soumya.umap" 925
"../../../Engine/Content/EngineSky/C_Sky_Cloud_Color.uasset" 926
"../../../Engine/Content/EngineSky/C_Sky_Horizon_Color.uasset" 927
"../../../Engine/Content/EngineSky/C_Sky_Zenith_Color.uasset" 928
"../../../Engine/Content/EngineSky/T_Sky_Blue.uasset" 929
"../../../Engine/Content/EngineSky/T_Sky_Clouds_M.uasset" 930
"../../../Engine/Content/EngineSky/T_Sky_Stars.uasset" 931
"../../../Engine/Content/EngineSky/M_Sky_Panning_Clouds2.uasset" 932
"../../../Engine/Content/EngineSky/SM_SkySphere.uasset" 933
"../../../Engine/Content/EngineSky/BP_Sky_Sphere.uasset" 934
"D:/GameJams/2MinHorror/TwoMinHorror_/Content/Levels/LevelLayers/Members/Sumit_BuiltData.uasset" 935
"D:/GameJams/2MinHorror/TwoMinHorror_/Content/Levels/LevelLayers/Members/Sumit.umap" 936
"D:/GameJams/2MinHorror/TwoMinHorror_/Content/Levels/TestLevels/Playground_BuiltData.uasset" 937
"../../../Engine/Content/EditorMeshes/EditorCube.uasset" 938
"../../../Engine/Content/MapTemplates/SM_Template_Map_Floor.uasset" 939
"D:/GameJams/2MinHorror/TwoMinHorror_/Content/Levels/TestLevels/Playground.umap" 940
"D:/GameJams/2MinHorror/TwoMinHorror_/Content/Blueprints/Actors/Volumes/BlockVolume_BP.uasset" 941
"D:/GameJams/2MinHorror/TwoMinHorror_/Content/Levels/TestLevels/Playground_DD_BuiltData.uasset" 942
"D:/GameJams/2MinHorror/TwoMinHorror_/Content/Assets/Materials/BaseMaterial/Packed/M_Lit_Fur_OP_Test.uasset" 943
"D:/GameJams/2MinHorror/TwoMinHorror_/Content/Levels/TestLevels/Playground_DD.umap" 944
"D:/GameJams/2MinHorror/TwoMinHorror_/Content/Blueprints/Actors/Interactive/BP_SM_House_Door_01.uasset" 945
"D:/GameJams/2MinHorror/TwoMinHorror_/Content/Levels/TestLevels/Whitebox_BuiltData.uasset" 946
"D:/GameJams/2MinHorror/TwoMinHorror_/Content/Assets/Meshes/Environment/Structures/SM_House_Kitchenware_01.uasset" 947
"D:/GameJams/2MinHorror/TwoMinHorror_/Content/Assets/Whiteboxes/SM_Whitebox_SetDressing_Nikki_01.uasset" 948
"D:/GameJams/2MinHorror/TwoMinHorror_/Content/Levels/TestLevels/Whitebox.umap" 949
"../../../Engine/Content/Maps/Entry_BuiltData.uasset" 950
"../../../Engine/Content/Maps/Entry.umap" 951
